This is pdfTeX, Version 3.141592653-2.6-1.40.24 (TeX Live 2022) (preloaded format=pdflatex 2022.10.15)  15 OCT 2022 06:48
entering extended mode
 restricted \write18 enabled.
 file:line:error style messages enabled.
 %&-line parsing enabled.
**2022_diss.tex
(./2022_diss.tex
LaTeX2e <2021-11-15> patch level 1
L3 programming layer <2022-02-24> (./templates/ociamthesis.cls
Document Class: templates/ociamthesis 2015/04/30 Oxford thesis class
(/usr/local/texlive/2022/texmf-dist/tex/latex/base/report.cls
Document Class: report 2021/10/04 v1.4n Standard LaTeX document class
(/usr/local/texlive/2022/texmf-dist/tex/latex/base/size12.clo
File: size12.clo 2021/10/04 v1.4n Standard LaTeX file (size option)
)
\c@part=\count185
\c@chapter=\count186
\c@section=\count187
\c@subsection=\count188
\c@subsubsection=\count189
\c@paragraph=\count190
\c@subparagraph=\count191
\c@figure=\count192
\c@table=\count193
\abovecaptionskip=\skip47
\belowcaptionskip=\skip48
\bibindent=\dimen138
)
\singlebaselineskip=\skip49
\frontmatterbaselineskip=\skip50
\textbaselineskip=\skip51
\abstractseparatelineskip=\skip52
\abstractseparateparskip=\skip53

(/usr/local/texlive/2022/texmf-dist/tex/latex/varwidth/varwidth.sty
Package: varwidth 2009/03/30 ver 0.92;  Variable-width minipages
\@vwid@box=\box50
\sift@deathcycles=\count194
\@vwid@loff=\dimen139
\@vwid@roff=\dimen140
)
(/usr/local/texlive/2022/texmf-dist/tex/latex/geometry/geometry.sty
Package: geometry 2020/01/02 v5.9 Page Geometry

(/usr/local/texlive/2022/texmf-dist/tex/latex/graphics/keyval.sty
Package: keyval 2014/10/28 v1.15 key=value parser (DPC)
\KV@toks@=\toks16
)
(/usr/local/texlive/2022/texmf-dist/tex/generic/iftex/ifvtex.sty
Package: ifvtex 2019/10/25 v1.7 ifvtex legacy package. Use iftex instead.

(/usr/local/texlive/2022/texmf-dist/tex/generic/iftex/iftex.sty
Package: iftex 2022/02/03 v1.0f TeX engine tests
))
\Gm@cnth=\count195
\Gm@cntv=\count196
\c@Gm@tempcnt=\count197
\Gm@bindingoffset=\dimen141
\Gm@wd@mp=\dimen142
\Gm@odd@mp=\dimen143
\Gm@even@mp=\dimen144
\Gm@layoutwidth=\dimen145
\Gm@layoutheight=\dimen146
\Gm@layouthoffset=\dimen147
\Gm@layoutvoffset=\dimen148
\Gm@dimlist=\toks17
)
(/usr/local/texlive/2022/texmf-dist/tex/latex/xcolor/xcolor.sty
Package: xcolor 2021/10/31 v2.13 LaTeX color extensions (UK)

(/usr/local/texlive/2022/texmf-dist/tex/latex/graphics-cfg/color.cfg
File: color.cfg 2016/01/02 v1.6 sample color configuration
)
Package xcolor Info: Driver file: pdftex.def on input line 227.

(/usr/local/texlive/2022/texmf-dist/tex/latex/graphics-def/pdftex.def
File: pdftex.def 2020/10/05 v1.2a Graphics/color driver for pdftex
)
Package xcolor Info: Model `cmy' substituted by `cmy0' on input line 1352.
Package xcolor Info: Model `hsb' substituted by `rgb' on input line 1356.
Package xcolor Info: Model `RGB' extended on input line 1368.
Package xcolor Info: Model `HTML' substituted by `rgb' on input line 1370.
Package xcolor Info: Model `Hsb' substituted by `hsb' on input line 1371.
Package xcolor Info: Model `tHsb' substituted by `hsb' on input line 1372.
Package xcolor Info: Model `HSB' substituted by `hsb' on input line 1373.
Package xcolor Info: Model `Gray' substituted by `gray' on input line 1374.
Package xcolor Info: Model `wave' substituted by `hsb' on input line 1375.
)
(/usr/local/texlive/2022/texmf-dist/tex/latex/graphics/graphicx.sty
Package: graphicx 2021/09/16 v1.2d Enhanced LaTeX Graphics (DPC,SPQR)

(/usr/local/texlive/2022/texmf-dist/tex/latex/graphics/graphics.sty
Package: graphics 2021/03/04 v1.4d Standard LaTeX Graphics (DPC,SPQR)

(/usr/local/texlive/2022/texmf-dist/tex/latex/graphics/trig.sty
Package: trig 2021/08/11 v1.11 sin cos tan (DPC)
)
(/usr/local/texlive/2022/texmf-dist/tex/latex/graphics-cfg/graphics.cfg
File: graphics.cfg 2016/06/04 v1.11 sample graphics configuration
)
Package graphics Info: Driver file: pdftex.def on input line 107.
)
\Gin@req@height=\dimen149
\Gin@req@width=\dimen150
)
(/usr/local/texlive/2022/texmf-dist/tex/latex/microtype/microtype.sty
Package: microtype 2022/03/14 v3.0d Micro-typographical refinements (RS)

(/usr/local/texlive/2022/texmf-dist/tex/latex/etoolbox/etoolbox.sty
Package: etoolbox 2020/10/05 v2.5k e-TeX tools for LaTeX (JAW)
\etb@tempcnta=\count198
)
\MT@toks=\toks18
\MT@tempbox=\box51
\MT@count=\count199
LaTeX Info: Redefining \noprotrusionifhmode on input line 1027.
LaTeX Info: Redefining \leftprotrusion on input line 1028.
LaTeX Info: Redefining \rightprotrusion on input line 1036.
LaTeX Info: Redefining \textls on input line 1195.
\MT@outer@kern=\dimen151
LaTeX Info: Redefining \textmicrotypecontext on input line 1781.
\MT@listname@count=\count266

(/usr/local/texlive/2022/texmf-dist/tex/latex/microtype/microtype-pdftex.def
File: microtype-pdftex.def 2022/03/14 v3.0d Definitions specific to pdftex (RS)

LaTeX Info: Redefining \lsstyle on input line 900.
LaTeX Info: Redefining \lslig on input line 900.
\MT@outer@space=\skip54
)
Package microtype Info: Loading configuration file microtype.cfg.

(/usr/local/texlive/2022/texmf-dist/tex/latex/microtype/microtype.cfg
File: microtype.cfg 2022/03/14 v3.0d microtype main configuration file (RS)
))
(/usr/local/texlive/2022/texmf-dist/tex/latex/units/nicefrac.sty
Package: nicefrac 1998/08/04 v0.9b Nice fractions
\L@UnitsRaiseDisplaystyle=\skip55
\L@UnitsRaiseTextstyle=\skip56
\L@UnitsRaiseScriptstyle=\skip57

(/usr/local/texlive/2022/texmf-dist/tex/latex/base/ifthen.sty
Package: ifthen 2020/11/24 v1.1c Standard LaTeX ifthen package (DPC)
))
(/usr/local/texlive/2022/texmf-dist/tex/latex/amsmath/amsmath.sty
Package: amsmath 2021/10/15 v2.17l AMS math features
\@mathmargin=\skip58

For additional information on amsmath, use the `?' option.
(/usr/local/texlive/2022/texmf-dist/tex/latex/amsmath/amstext.sty
Package: amstext 2021/08/26 v2.01 AMS text

(/usr/local/texlive/2022/texmf-dist/tex/latex/amsmath/amsgen.sty
File: amsgen.sty 1999/11/30 v2.0 generic functions
\@emptytoks=\toks19
\ex@=\dimen152
))
(/usr/local/texlive/2022/texmf-dist/tex/latex/amsmath/amsbsy.sty
Package: amsbsy 1999/11/29 v1.2d Bold Symbols
\pmbraise@=\dimen153
)
(/usr/local/texlive/2022/texmf-dist/tex/latex/amsmath/amsopn.sty
Package: amsopn 2021/08/26 v2.02 operator names
)
\inf@bad=\count267
LaTeX Info: Redefining \frac on input line 234.
\uproot@=\count268
\leftroot@=\count269
LaTeX Info: Redefining \overline on input line 399.
\classnum@=\count270
\DOTSCASE@=\count271
LaTeX Info: Redefining \ldots on input line 496.
LaTeX Info: Redefining \dots on input line 499.
LaTeX Info: Redefining \cdots on input line 620.
\Mathstrutbox@=\box52
\strutbox@=\box53
\big@size=\dimen154
LaTeX Font Info:    Redeclaring font encoding OML on input line 743.
LaTeX Font Info:    Redeclaring font encoding OMS on input line 744.
\macc@depth=\count272
\c@MaxMatrixCols=\count273
\dotsspace@=\muskip16
\c@parentequation=\count274
\dspbrk@lvl=\count275
\tag@help=\toks20
\row@=\count276
\column@=\count277
\maxfields@=\count278
\andhelp@=\toks21
\eqnshift@=\dimen155
\alignsep@=\dimen156
\tagshift@=\dimen157
\tagwidth@=\dimen158
\totwidth@=\dimen159
\lineht@=\dimen160
\@envbody=\toks22
\multlinegap=\skip59
\multlinetaggap=\skip60
\mathdisplay@stack=\toks23
LaTeX Info: Redefining \[ on input line 2938.
LaTeX Info: Redefining \] on input line 2939.
)
(/usr/local/texlive/2022/texmf-dist/tex/latex/amsfonts/amssymb.sty
Package: amssymb 2013/01/14 v3.01 AMS font symbols

(/usr/local/texlive/2022/texmf-dist/tex/latex/amsfonts/amsfonts.sty
Package: amsfonts 2013/01/14 v3.01 Basic AMSFonts support
\symAMSa=\mathgroup4
\symAMSb=\mathgroup5
LaTeX Font Info:    Redeclaring math symbol \hbar on input line 98.
LaTeX Font Info:    Overwriting math alphabet `\mathfrak' in version `bold'
(Font)                  U/euf/m/n --> U/euf/b/n on input line 106.
))
(/usr/local/texlive/2022/texmf-dist/tex/latex/base/textcomp.sty
Package: textcomp 2020/02/02 v2.0n Standard LaTeX package
)
(/usr/local/texlive/2022/texmf-dist/tex/latex/tools/longtable.sty
Package: longtable 2021-09-01 v4.17 Multi-page Table package (DPC)
\LTleft=\skip61
\LTright=\skip62
\LTpre=\skip63
\LTpost=\skip64
\LTchunksize=\count279
\LTcapwidth=\dimen161
\LT@head=\box54
\LT@firsthead=\box55
\LT@foot=\box56
\LT@lastfoot=\box57
\LT@gbox=\box58
\LT@cols=\count280
\LT@rows=\count281
\c@LT@tables=\count282
\c@LT@chunks=\count283
\LT@p@ftn=\toks24
)
(/usr/local/texlive/2022/texmf-dist/tex/latex/caption/caption.sty
Package: caption 2022/03/01 v3.6b Customizing captions (AR)

(/usr/local/texlive/2022/texmf-dist/tex/latex/caption/caption3.sty
Package: caption3 2022/03/17 v2.3b caption3 kernel (AR)
\caption@tempdima=\dimen162
\captionmargin=\dimen163
\caption@leftmargin=\dimen164
\caption@rightmargin=\dimen165
\caption@width=\dimen166
\caption@indent=\dimen167
\caption@parindent=\dimen168
\caption@hangindent=\dimen169
Package caption Info: Standard document class detected.
)
\c@caption@flags=\count284
\c@continuedfloat=\count285
Package caption Info: longtable package is loaded.

(/usr/local/texlive/2022/texmf-dist/tex/latex/caption/ltcaption.sty
Package: ltcaption 2021/01/08 v1.4c longtable captions (AR)
))
(/usr/local/texlive/2022/texmf-dist/tex/latex/tools/multicol.sty
Package: multicol 2021/10/28 v1.9b multicolumn formatting (FMi)
\c@tracingmulticols=\count286
\mult@box=\box59
\multicol@leftmargin=\dimen170
\c@unbalance=\count287
\c@collectmore=\count288
\doublecol@number=\count289
\multicoltolerance=\count290
\multicolpretolerance=\count291
\full@width=\dimen171
\page@free=\dimen172
\premulticols=\dimen173
\postmulticols=\dimen174
\multicolsep=\skip65
\multicolbaselineskip=\skip66
\partial@page=\box60
\last@line=\box61
\maxbalancingoverflow=\dimen175
\mult@rightbox=\box62
\mult@grightbox=\box63
\mult@firstbox=\box64
\mult@gfirstbox=\box65
\@tempa=\box66
\@tempa=\box67
\@tempa=\box68
\@tempa=\box69
\@tempa=\box70
\@tempa=\box71
\@tempa=\box72
\@tempa=\box73
\@tempa=\box74
\@tempa=\box75
\@tempa=\box76
\@tempa=\box77
\@tempa=\box78
\@tempa=\box79
\@tempa=\box80
\@tempa=\box81
\@tempa=\box82
\@tempa=\box83
\@tempa=\box84
\@tempa=\box85
\@tempa=\box86
\@tempa=\box87
\@tempa=\box88
\@tempa=\box89
\@tempa=\box90
\@tempa=\box91
\@tempa=\box92
\@tempa=\box93
\@tempa=\box94
\@tempa=\box95
\@tempa=\box96
\@tempa=\box97
\@tempa=\box98
\@tempa=\box99
\@tempa=\box100
\@tempa=\box101
\c@minrows=\count292
\c@columnbadness=\count293
\c@finalcolumnbadness=\count294
\last@try=\dimen176
\multicolovershoot=\dimen177
\multicolundershoot=\dimen178
\mult@nat@firstbox=\box102
\colbreak@box=\box103
\mc@col@check@num=\count295
)
(/usr/local/texlive/2022/texmf-dist/tex/latex/multirow/multirow.sty
Package: multirow 2021/03/15 v2.8 Span multiple rows of a table
\multirow@colwidth=\skip67
\multirow@cntb=\count296
\multirow@dima=\skip68
\bigstrutjot=\dimen179
)
(/usr/local/texlive/2022/texmf-dist/tex/latex/tools/array.sty
Package: array 2021/10/04 v2.5f Tabular extension package (FMi)
\col@sep=\dimen180
\ar@mcellbox=\box104
\extrarowheight=\dimen181
\NC@list=\toks25
\extratabsurround=\skip69
\backup@length=\skip70
\ar@cellbox=\box105
)
(/usr/local/texlive/2022/texmf-dist/tex/latex/graphics/rotating.sty
Package: rotating 2016/08/11 v2.16d rotated objects in LaTeX
\c@r@tfl@t=\count297
\rotFPtop=\skip71
\rotFPbot=\skip72
\rot@float@box=\box106
\rot@mess@toks=\toks26
)
(/usr/local/texlive/2022/texmf-dist/tex/latex/booktabs/booktabs.sty
Package: booktabs 2020/01/12 v1.61803398 Publication quality tables
\heavyrulewidth=\dimen182
\lightrulewidth=\dimen183
\cmidrulewidth=\dimen184
\belowrulesep=\dimen185
\belowbottomsep=\dimen186
\aboverulesep=\dimen187
\abovetopsep=\dimen188
\cmidrulesep=\dimen189
\cmidrulekern=\dimen190
\defaultaddspace=\dimen191
\@cmidla=\count298
\@cmidlb=\count299
\@aboverulesep=\dimen192
\@belowrulesep=\dimen193
\@thisruleclass=\count300
\@lastruleclass=\count301
\@thisrulewidth=\dimen194
)
(/usr/local/texlive/2022/texmf-dist/tex/latex/pdfpages/pdfpages.sty
Package: pdfpages 2022/01/29 v0.5u Insert pages of external PDF documents (AM)

(/usr/local/texlive/2022/texmf-dist/tex/latex/tools/calc.sty
Package: calc 2017/05/25 v4.3 Infix arithmetic (KKT,FJ)
\calc@Acount=\count302
\calc@Bcount=\count303
\calc@Adimen=\dimen195
\calc@Bdimen=\dimen196
\calc@Askip=\skip73
\calc@Bskip=\skip74
LaTeX Info: Redefining \setlength on input line 80.
LaTeX Info: Redefining \addtolength on input line 81.
\calc@Ccount=\count304
\calc@Cskip=\skip75
)
(/usr/local/texlive/2022/texmf-dist/tex/latex/eso-pic/eso-pic.sty
Package: eso-pic 2020/10/14 v3.0a eso-pic (RN)
\ESO@tempdima=\dimen197
\ESO@tempdimb=\dimen198
)
\AM@pagewidth=\dimen199
\AM@pageheight=\dimen256
\AM@fboxrule=\dimen257

(/usr/local/texlive/2022/texmf-dist/tex/latex/pdfpages/pppdftex.def
File: pppdftex.def 2022/01/29 v0.5u Pdfpages driver for pdfTeX (AM)
)
\pdfpages@includegraphics@status=\count305
\AM@pagebox=\box107
\AM@global@opts=\toks27
\AM@pagecnt=\count306
\AM@toc@title=\toks28
\c@AM@survey=\count307
\AM@templatesizebox=\box108
)
(/usr/local/texlive/2022/texmf-dist/tex/latex/l3packages/xfrac/xfrac.sty
(/usr/local/texlive/2022/texmf-dist/tex/latex/l3kernel/expl3.sty
Package: expl3 2022-02-24 L3 programming layer (loader) 

(/usr/local/texlive/2022/texmf-dist/tex/latex/l3backend/l3backend-pdftex.def
File: l3backend-pdftex.def 2022-02-07 L3 backend support: PDF output (pdfTeX)
\l__color_backend_stack_int=\count308
\l__pdf_internal_box=\box109
))
(/usr/local/texlive/2022/texmf-dist/tex/latex/l3packages/l3keys2e/l3keys2e.sty
Package: l3keys2e 2022-01-12 LaTeX2e option processing using LaTeX3 keys
) (/usr/local/texlive/2022/texmf-dist/tex/latex/l3packages/xparse/xparse.sty
Package: xparse 2022-01-12 L3 Experimental document command parser
)
(/usr/local/texlive/2022/texmf-dist/tex/latex/l3packages/xtemplate/xtemplate.st
y
Package: xtemplate 2022-01-12 L3 Experimental prototype document functions
\l__xtemplate_tmp_dim=\dimen258
\l__xtemplate_tmp_int=\count309
\l__xtemplate_tmp_muskip=\muskip17
\l__xtemplate_tmp_skip=\skip76
)
Package: xfrac 2022-01-12 L3 Experimental split-level fractions
\l__xfrac_slash_box=\box110
\l__xfrac_tmp_box=\box111
\l__xfrac_denominator_bot_sep_dim=\dimen259
\l__xfrac_numerator_bot_sep_dim=\dimen260
\l__xfrac_numerator_top_sep_dim=\dimen261
\l__xfrac_slash_left_sep_dim=\dimen262
\l__xfrac_slash_right_sep_dim=\dimen263
\l__xfrac_slash_left_muskip=\muskip18
\l__xfrac_slash_right_muskip=\muskip19

Package xtemplate Info: Declaring object type 'xfrac' taking 3 argument(s) on
(xtemplate)             line 80.

) (/usr/local/texlive/2022/texmf-dist/tex/latex/enumitem/enumitem.sty
Package: enumitem 2019/06/20 v3.9 Customized lists
\labelindent=\skip77
\enit@outerparindent=\dimen264
\enit@toks=\toks29
\enit@inbox=\box112
\enit@count@id=\count310
\enitdp@description=\count311
)
(/usr/local/texlive/2022/texmf-dist/tex/latex/tools/dcolumn.sty
Package: dcolumn 2014/10/28 v1.06 decimal alignment package (DPC)
)
(/usr/local/texlive/2022/texmf-dist/tex/latex/appendix/appendix.sty
Package: appendix 2020/02/08 v1.2c extra appendix facilities
\c@@pps=\count312
\c@@ppsavesec=\count313
\c@@ppsaveapp=\count314
)
(/usr/local/texlive/2022/texmf-dist/tex/latex/notoccite/notoccite.sty
Package: notoccite 2000/07/20
)
(/usr/local/texlive/2022/texmf-dist/tex/latex/minitoc/minitoc.sty
Package: minitoc 2018/07/12 v62 Package minitoc

(/usr/local/texlive/2022/texmf-dist/tex/latex/minitoc/mtcmess.sty
Package: mtcmess 2006/03/14
)
Package minitoc Info: I0001
(minitoc)             *** minitoc package, version 62 ***.
\tf@mtc=\write3
\mtcindent=\skip78
\mtcskipamount=\skip79
Package minitoc Info: I0005
(minitoc)             compatible with hyperref.
Package minitoc Info: I0023
(minitoc)             part level macros available.
Package minitoc Info: I0003
(minitoc)             chapter level macros available.
\mtc@toks=\toks30
\mtc@strutbox=\box113
\mtc@hstrutbox=\box114
Package minitoc Info: I0002
(minitoc)             Autoconfiguration of extensions.
\openout3 = `2022_diss.mtc0'.

\openout3 = `2022_diss.mtc'.


(./2022_diss.mtc0)
Package minitoc Info: I0012
(minitoc)             Long extensions (Unix-like) will be used.
Package minitoc Info: I0031
(minitoc)             ==> this version is configured for UNIX-like 
(minitoc)                 (long extensions) file names.
\openout3 = `2022_diss.mtc'.

\openout3 = `2022_diss.mtc0'.

\c@mtc=\count315
\c@minitocdepth=\count316
\c@ptc=\count317
\c@parttocdepth=\count318
\ptcindent=\skip80
Package minitoc Info: I0010
(minitoc)             The english language is selected.
(minitoc)              on input line 4910.

(/usr/local/texlive/2022/texmf-dist/tex/latex/minitoc/english.mld
File: english.mld 2006/01/13
)
(/usr/local/texlive/2022/texmf-dist/tex/latex/minitoc/english.mld
File: english.mld 2006/01/13
))
(/usr/local/texlive/2022/texmf-dist/tex/latex/quotchap/quotchap.sty
Package: quotchap 2020/11/13 v1.3 Decorative Chapter Headings with Quotes
\@quotebox=\box115
)
(/usr/local/texlive/2022/texmf-dist/tex/latex/tocbibind/tocbibind.sty
Package: tocbibind 2010/10/13 v1.5k extra ToC listings
Package tocbibind Info: The document has chapter divisions on input line 50.


Package tocbibind Note: Using chapter style headings, unless overridden.

) (/usr/local/texlive/2022/texmf-dist/tex/latex/lm/lmodern.sty
Package: lmodern 2015/05/01 v1.6.1 Latin Modern Fonts
LaTeX Font Info:    Overwriting symbol font `operators' in version `normal'
(Font)                  OT1/cmr/m/n --> OT1/lmr/m/n on input line 22.
LaTeX Font Info:    Overwriting symbol font `letters' in version `normal'
(Font)                  OML/cmm/m/it --> OML/lmm/m/it on input line 23.
LaTeX Font Info:    Overwriting symbol font `symbols' in version `normal'
(Font)                  OMS/cmsy/m/n --> OMS/lmsy/m/n on input line 24.
LaTeX Font Info:    Overwriting symbol font `largesymbols' in version `normal'
(Font)                  OMX/cmex/m/n --> OMX/lmex/m/n on input line 25.
LaTeX Font Info:    Overwriting symbol font `operators' in version `bold'
(Font)                  OT1/cmr/bx/n --> OT1/lmr/bx/n on input line 26.
LaTeX Font Info:    Overwriting symbol font `letters' in version `bold'
(Font)                  OML/cmm/b/it --> OML/lmm/b/it on input line 27.
LaTeX Font Info:    Overwriting symbol font `symbols' in version `bold'
(Font)                  OMS/cmsy/b/n --> OMS/lmsy/b/n on input line 28.
LaTeX Font Info:    Overwriting symbol font `largesymbols' in version `bold'
(Font)                  OMX/cmex/m/n --> OMX/lmex/m/n on input line 29.
LaTeX Font Info:    Overwriting math alphabet `\mathbf' in version `normal'
(Font)                  OT1/cmr/bx/n --> OT1/lmr/bx/n on input line 31.
LaTeX Font Info:    Overwriting math alphabet `\mathsf' in version `normal'
(Font)                  OT1/cmss/m/n --> OT1/lmss/m/n on input line 32.
LaTeX Font Info:    Overwriting math alphabet `\mathit' in version `normal'
(Font)                  OT1/cmr/m/it --> OT1/lmr/m/it on input line 33.
LaTeX Font Info:    Overwriting math alphabet `\mathtt' in version `normal'
(Font)                  OT1/cmtt/m/n --> OT1/lmtt/m/n on input line 34.
LaTeX Font Info:    Overwriting math alphabet `\mathbf' in version `bold'
(Font)                  OT1/cmr/bx/n --> OT1/lmr/bx/n on input line 35.
LaTeX Font Info:    Overwriting math alphabet `\mathsf' in version `bold'
(Font)                  OT1/cmss/bx/n --> OT1/lmss/bx/n on input line 36.
LaTeX Font Info:    Overwriting math alphabet `\mathit' in version `bold'
(Font)                  OT1/cmr/bx/it --> OT1/lmr/bx/it on input line 37.
LaTeX Font Info:    Overwriting math alphabet `\mathtt' in version `bold'
(Font)                  OT1/cmtt/m/n --> OT1/lmtt/m/n on input line 38.
)
(/usr/local/texlive/2022/texmf-dist/tex/latex/base/fontenc.sty
Package: fontenc 2021/04/29 v2.0v Standard LaTeX package

(/usr/local/texlive/2022/texmf-dist/tex/latex/greek-fontenc/lgrenc.def
File: lgrenc.def 2020/10/13 2.0 LGR Greek font encoding definitions
Now handling font encoding LGR ...
... processing UTF-8 mapping file for font encoding LGR

(/usr/local/texlive/2022/texmf-dist/tex/latex/greek-inputenc/lgrenc.dfu
File: lgrenc.dfu 2019/07/11 1.7 UTF-8 support for Greek
   defining Unicode char U+00A8 (decimal 168)
   defining Unicode char U+00AB (decimal 171)
   defining Unicode char U+00AF (decimal 175)
   defining Unicode char U+00B4 (decimal 180)
   defining Unicode char U+00B7 (decimal 183)
   defining Unicode char U+00BB (decimal 187)
   defining Unicode char U+0259 (decimal 601)
   defining Unicode char U+02D8 (decimal 728)
   defining Unicode char U+0374 (decimal 884)
   defining Unicode char U+0375 (decimal 885)
   defining Unicode char U+037A (decimal 890)
   defining Unicode char U+037E (decimal 894)
   defining Unicode char U+0384 (decimal 900)
   defining Unicode char U+0385 (decimal 901)
   defining Unicode char U+0386 (decimal 902)
   defining Unicode char U+0387 (decimal 903)
   defining Unicode char U+0388 (decimal 904)
   defining Unicode char U+0389 (decimal 905)
   defining Unicode char U+038A (decimal 906)
   defining Unicode char U+038C (decimal 908)
   defining Unicode char U+038E (decimal 910)
   defining Unicode char U+038F (decimal 911)
   defining Unicode char U+0390 (decimal 912)
   defining Unicode char U+0391 (decimal 913)
   defining Unicode char U+0392 (decimal 914)
   defining Unicode char U+0393 (decimal 915)
   defining Unicode char U+0394 (decimal 916)
   defining Unicode char U+0395 (decimal 917)
   defining Unicode char U+0396 (decimal 918)
   defining Unicode char U+0397 (decimal 919)
   defining Unicode char U+0398 (decimal 920)
   defining Unicode char U+0399 (decimal 921)
   defining Unicode char U+039A (decimal 922)
   defining Unicode char U+039B (decimal 923)
   defining Unicode char U+039C (decimal 924)
   defining Unicode char U+039D (decimal 925)
   defining Unicode char U+039E (decimal 926)
   defining Unicode char U+039F (decimal 927)
   defining Unicode char U+03A0 (decimal 928)
   defining Unicode char U+03A1 (decimal 929)
   defining Unicode char U+03A3 (decimal 931)
   defining Unicode char U+03A4 (decimal 932)
   defining Unicode char U+03A5 (decimal 933)
   defining Unicode char U+03A6 (decimal 934)
   defining Unicode char U+03A7 (decimal 935)
   defining Unicode char U+03A8 (decimal 936)
   defining Unicode char U+03A9 (decimal 937)
   defining Unicode char U+03AA (decimal 938)
   defining Unicode char U+03AB (decimal 939)
   defining Unicode char U+03AC (decimal 940)
   defining Unicode char U+03AD (decimal 941)
   defining Unicode char U+03AE (decimal 942)
   defining Unicode char U+03AF (decimal 943)
   defining Unicode char U+03B0 (decimal 944)
   defining Unicode char U+03B1 (decimal 945)
   defining Unicode char U+03B2 (decimal 946)
   defining Unicode char U+03B3 (decimal 947)
   defining Unicode char U+03B4 (decimal 948)
   defining Unicode char U+03B5 (decimal 949)
   defining Unicode char U+03B6 (decimal 950)
   defining Unicode char U+03B7 (decimal 951)
   defining Unicode char U+03B8 (decimal 952)
   defining Unicode char U+03B9 (decimal 953)
   defining Unicode char U+03BA (decimal 954)
   defining Unicode char U+03BB (decimal 955)
   defining Unicode char U+03BC (decimal 956)
   defining Unicode char U+03BD (decimal 957)
   defining Unicode char U+03BE (decimal 958)
   defining Unicode char U+03BF (decimal 959)
   defining Unicode char U+03C0 (decimal 960)
   defining Unicode char U+03C1 (decimal 961)
   defining Unicode char U+03C2 (decimal 962)
   defining Unicode char U+03C3 (decimal 963)
   defining Unicode char U+03C4 (decimal 964)
   defining Unicode char U+03C5 (decimal 965)
   defining Unicode char U+03C6 (decimal 966)
   defining Unicode char U+03C7 (decimal 967)
   defining Unicode char U+03C8 (decimal 968)
   defining Unicode char U+03C9 (decimal 969)
   defining Unicode char U+03CA (decimal 970)
   defining Unicode char U+03CB (decimal 971)
   defining Unicode char U+03CC (decimal 972)
   defining Unicode char U+03CD (decimal 973)
   defining Unicode char U+03CE (decimal 974)
   defining Unicode char U+03D0 (decimal 976)
   defining Unicode char U+03D1 (decimal 977)
   defining Unicode char U+03D5 (decimal 981)
   defining Unicode char U+03D6 (decimal 982)
   defining Unicode char U+03D8 (decimal 984)
   defining Unicode char U+03D9 (decimal 985)
   defining Unicode char U+03DA (decimal 986)
   defining Unicode char U+03DB (decimal 987)
   defining Unicode char U+03DC (decimal 988)
   defining Unicode char U+03DD (decimal 989)
   defining Unicode char U+03DF (decimal 991)
   defining Unicode char U+03E0 (decimal 992)
   defining Unicode char U+03E1 (decimal 993)
   defining Unicode char U+03F0 (decimal 1008)
   defining Unicode char U+03F1 (decimal 1009)
   defining Unicode char U+03F4 (decimal 1012)
   defining Unicode char U+03F5 (decimal 1013)
   defining Unicode char U+1F00 (decimal 7936)
   defining Unicode char U+1F01 (decimal 7937)
   defining Unicode char U+1F02 (decimal 7938)
   defining Unicode char U+1F03 (decimal 7939)
   defining Unicode char U+1F04 (decimal 7940)
   defining Unicode char U+1F05 (decimal 7941)
   defining Unicode char U+1F06 (decimal 7942)
   defining Unicode char U+1F07 (decimal 7943)
   defining Unicode char U+1F08 (decimal 7944)
   defining Unicode char U+1F09 (decimal 7945)
   defining Unicode char U+1F0A (decimal 7946)
   defining Unicode char U+1F0B (decimal 7947)
   defining Unicode char U+1F0C (decimal 7948)
   defining Unicode char U+1F0D (decimal 7949)
   defining Unicode char U+1F0E (decimal 7950)
   defining Unicode char U+1F0F (decimal 7951)
   defining Unicode char U+1F10 (decimal 7952)
   defining Unicode char U+1F11 (decimal 7953)
   defining Unicode char U+1F12 (decimal 7954)
   defining Unicode char U+1F13 (decimal 7955)
   defining Unicode char U+1F14 (decimal 7956)
   defining Unicode char U+1F15 (decimal 7957)
   defining Unicode char U+1F18 (decimal 7960)
   defining Unicode char U+1F19 (decimal 7961)
   defining Unicode char U+1F1A (decimal 7962)
   defining Unicode char U+1F1B (decimal 7963)
   defining Unicode char U+1F1C (decimal 7964)
   defining Unicode char U+1F1D (decimal 7965)
   defining Unicode char U+1F20 (decimal 7968)
   defining Unicode char U+1F21 (decimal 7969)
   defining Unicode char U+1F22 (decimal 7970)
   defining Unicode char U+1F23 (decimal 7971)
   defining Unicode char U+1F24 (decimal 7972)
   defining Unicode char U+1F25 (decimal 7973)
   defining Unicode char U+1F26 (decimal 7974)
   defining Unicode char U+1F27 (decimal 7975)
   defining Unicode char U+1F28 (decimal 7976)
   defining Unicode char U+1F29 (decimal 7977)
   defining Unicode char U+1F2A (decimal 7978)
   defining Unicode char U+1F2B (decimal 7979)
   defining Unicode char U+1F2C (decimal 7980)
   defining Unicode char U+1F2D (decimal 7981)
   defining Unicode char U+1F2E (decimal 7982)
   defining Unicode char U+1F2F (decimal 7983)
   defining Unicode char U+1F30 (decimal 7984)
   defining Unicode char U+1F31 (decimal 7985)
   defining Unicode char U+1F32 (decimal 7986)
   defining Unicode char U+1F33 (decimal 7987)
   defining Unicode char U+1F34 (decimal 7988)
   defining Unicode char U+1F35 (decimal 7989)
   defining Unicode char U+1F36 (decimal 7990)
   defining Unicode char U+1F37 (decimal 7991)
   defining Unicode char U+1F38 (decimal 7992)
   defining Unicode char U+1F39 (decimal 7993)
   defining Unicode char U+1F3A (decimal 7994)
   defining Unicode char U+1F3B (decimal 7995)
   defining Unicode char U+1F3C (decimal 7996)
   defining Unicode char U+1F3D (decimal 7997)
   defining Unicode char U+1F3E (decimal 7998)
   defining Unicode char U+1F3F (decimal 7999)
   defining Unicode char U+1F40 (decimal 8000)
   defining Unicode char U+1F41 (decimal 8001)
   defining Unicode char U+1F42 (decimal 8002)
   defining Unicode char U+1F43 (decimal 8003)
   defining Unicode char U+1F44 (decimal 8004)
   defining Unicode char U+1F45 (decimal 8005)
   defining Unicode char U+1F48 (decimal 8008)
   defining Unicode char U+1F49 (decimal 8009)
   defining Unicode char U+1F4A (decimal 8010)
   defining Unicode char U+1F4B (decimal 8011)
   defining Unicode char U+1F4C (decimal 8012)
   defining Unicode char U+1F4D (decimal 8013)
   defining Unicode char U+1F50 (decimal 8016)
   defining Unicode char U+1F51 (decimal 8017)
   defining Unicode char U+1F52 (decimal 8018)
   defining Unicode char U+1F53 (decimal 8019)
   defining Unicode char U+1F54 (decimal 8020)
   defining Unicode char U+1F55 (decimal 8021)
   defining Unicode char U+1F56 (decimal 8022)
   defining Unicode char U+1F57 (decimal 8023)
   defining Unicode char U+1F59 (decimal 8025)
   defining Unicode char U+1F5B (decimal 8027)
   defining Unicode char U+1F5D (decimal 8029)
   defining Unicode char U+1F5F (decimal 8031)
   defining Unicode char U+1F60 (decimal 8032)
   defining Unicode char U+1F61 (decimal 8033)
   defining Unicode char U+1F62 (decimal 8034)
   defining Unicode char U+1F63 (decimal 8035)
   defining Unicode char U+1F64 (decimal 8036)
   defining Unicode char U+1F65 (decimal 8037)
   defining Unicode char U+1F66 (decimal 8038)
   defining Unicode char U+1F67 (decimal 8039)
   defining Unicode char U+1F68 (decimal 8040)
   defining Unicode char U+1F69 (decimal 8041)
   defining Unicode char U+1F6A (decimal 8042)
   defining Unicode char U+1F6B (decimal 8043)
   defining Unicode char U+1F6C (decimal 8044)
   defining Unicode char U+1F6D (decimal 8045)
   defining Unicode char U+1F6E (decimal 8046)
   defining Unicode char U+1F6F (decimal 8047)
   defining Unicode char U+1F70 (decimal 8048)
   defining Unicode char U+1F71 (decimal 8049)
   defining Unicode char U+1F72 (decimal 8050)
   defining Unicode char U+1F73 (decimal 8051)
   defining Unicode char U+1F74 (decimal 8052)
   defining Unicode char U+1F75 (decimal 8053)
   defining Unicode char U+1F76 (decimal 8054)
   defining Unicode char U+1F77 (decimal 8055)
   defining Unicode char U+1F78 (decimal 8056)
   defining Unicode char U+1F79 (decimal 8057)
   defining Unicode char U+1F7A (decimal 8058)
   defining Unicode char U+1F7B (decimal 8059)
   defining Unicode char U+1F7C (decimal 8060)
   defining Unicode char U+1F7D (decimal 8061)
   defining Unicode char U+1F80 (decimal 8064)
   defining Unicode char U+1F81 (decimal 8065)
   defining Unicode char U+1F82 (decimal 8066)
   defining Unicode char U+1F83 (decimal 8067)
   defining Unicode char U+1F84 (decimal 8068)
   defining Unicode char U+1F85 (decimal 8069)
   defining Unicode char U+1F86 (decimal 8070)
   defining Unicode char U+1F87 (decimal 8071)
   defining Unicode char U+1F88 (decimal 8072)
   defining Unicode char U+1F89 (decimal 8073)
   defining Unicode char U+1F8A (decimal 8074)
   defining Unicode char U+1F8B (decimal 8075)
   defining Unicode char U+1F8C (decimal 8076)
   defining Unicode char U+1F8D (decimal 8077)
   defining Unicode char U+1F8E (decimal 8078)
   defining Unicode char U+1F8F (decimal 8079)
   defining Unicode char U+1F90 (decimal 8080)
   defining Unicode char U+1F91 (decimal 8081)
   defining Unicode char U+1F92 (decimal 8082)
   defining Unicode char U+1F93 (decimal 8083)
   defining Unicode char U+1F94 (decimal 8084)
   defining Unicode char U+1F95 (decimal 8085)
   defining Unicode char U+1F96 (decimal 8086)
   defining Unicode char U+1F97 (decimal 8087)
   defining Unicode char U+1F98 (decimal 8088)
   defining Unicode char U+1F99 (decimal 8089)
   defining Unicode char U+1F9A (decimal 8090)
   defining Unicode char U+1F9B (decimal 8091)
   defining Unicode char U+1F9C (decimal 8092)
   defining Unicode char U+1F9D (decimal 8093)
   defining Unicode char U+1F9E (decimal 8094)
   defining Unicode char U+1F9F (decimal 8095)
   defining Unicode char U+1FA0 (decimal 8096)
   defining Unicode char U+1FA1 (decimal 8097)
   defining Unicode char U+1FA2 (decimal 8098)
   defining Unicode char U+1FA3 (decimal 8099)
   defining Unicode char U+1FA4 (decimal 8100)
   defining Unicode char U+1FA5 (decimal 8101)
   defining Unicode char U+1FA6 (decimal 8102)
   defining Unicode char U+1FA7 (decimal 8103)
   defining Unicode char U+1FA8 (decimal 8104)
   defining Unicode char U+1FA9 (decimal 8105)
   defining Unicode char U+1FAA (decimal 8106)
   defining Unicode char U+1FAB (decimal 8107)
   defining Unicode char U+1FAC (decimal 8108)
   defining Unicode char U+1FAD (decimal 8109)
   defining Unicode char U+1FAE (decimal 8110)
   defining Unicode char U+1FAF (decimal 8111)
   defining Unicode char U+1FB0 (decimal 8112)
   defining Unicode char U+1FB1 (decimal 8113)
   defining Unicode char U+1FB2 (decimal 8114)
   defining Unicode char U+1FB3 (decimal 8115)
   defining Unicode char U+1FB4 (decimal 8116)
   defining Unicode char U+1FB6 (decimal 8118)
   defining Unicode char U+1FB7 (decimal 8119)
   defining Unicode char U+1FB8 (decimal 8120)
   defining Unicode char U+1FB9 (decimal 8121)
   defining Unicode char U+1FBA (decimal 8122)
   defining Unicode char U+1FBB (decimal 8123)
   defining Unicode char U+1FBC (decimal 8124)
   defining Unicode char U+1FBD (decimal 8125)
   defining Unicode char U+1FBE (decimal 8126)
   defining Unicode char U+1FBF (decimal 8127)
   defining Unicode char U+1FC0 (decimal 8128)
   defining Unicode char U+1FC1 (decimal 8129)
   defining Unicode char U+1FC2 (decimal 8130)
   defining Unicode char U+1FC3 (decimal 8131)
   defining Unicode char U+1FC4 (decimal 8132)
   defining Unicode char U+1FC6 (decimal 8134)
   defining Unicode char U+1FC7 (decimal 8135)
   defining Unicode char U+1FC8 (decimal 8136)
   defining Unicode char U+1FC9 (decimal 8137)
   defining Unicode char U+1FCA (decimal 8138)
   defining Unicode char U+1FCB (decimal 8139)
   defining Unicode char U+1FCC (decimal 8140)
   defining Unicode char U+1FCD (decimal 8141)
   defining Unicode char U+1FCE (decimal 8142)
   defining Unicode char U+1FCF (decimal 8143)
   defining Unicode char U+1FD0 (decimal 8144)
   defining Unicode char U+1FD1 (decimal 8145)
   defining Unicode char U+1FD2 (decimal 8146)
   defining Unicode char U+1FD3 (decimal 8147)
   defining Unicode char U+1FD6 (decimal 8150)
   defining Unicode char U+1FD7 (decimal 8151)
   defining Unicode char U+1FD8 (decimal 8152)
   defining Unicode char U+1FD9 (decimal 8153)
   defining Unicode char U+1FDA (decimal 8154)
   defining Unicode char U+1FDB (decimal 8155)
   defining Unicode char U+1FDD (decimal 8157)
   defining Unicode char U+1FDE (decimal 8158)
   defining Unicode char U+1FDF (decimal 8159)
   defining Unicode char U+1FE0 (decimal 8160)
   defining Unicode char U+1FE1 (decimal 8161)
   defining Unicode char U+1FE2 (decimal 8162)
   defining Unicode char U+1FE3 (decimal 8163)
   defining Unicode char U+1FE4 (decimal 8164)
   defining Unicode char U+1FE5 (decimal 8165)
   defining Unicode char U+1FE6 (decimal 8166)
   defining Unicode char U+1FE7 (decimal 8167)
   defining Unicode char U+1FE8 (decimal 8168)
   defining Unicode char U+1FE9 (decimal 8169)
   defining Unicode char U+1FEA (decimal 8170)
   defining Unicode char U+1FEB (decimal 8171)
   defining Unicode char U+1FEC (decimal 8172)
   defining Unicode char U+1FED (decimal 8173)
   defining Unicode char U+1FEE (decimal 8174)
   defining Unicode char U+1FEF (decimal 8175)
   defining Unicode char U+1FF2 (decimal 8178)
   defining Unicode char U+1FF3 (decimal 8179)
   defining Unicode char U+1FF4 (decimal 8180)
   defining Unicode char U+1FF6 (decimal 8182)
   defining Unicode char U+1FF7 (decimal 8183)
   defining Unicode char U+1FF8 (decimal 8184)
   defining Unicode char U+1FF9 (decimal 8185)
   defining Unicode char U+1FFA (decimal 8186)
   defining Unicode char U+1FFB (decimal 8187)
   defining Unicode char U+1FFC (decimal 8188)
   defining Unicode char U+1FFD (decimal 8189)
   defining Unicode char U+1FFE (decimal 8190)
   defining Unicode char U+2013 (decimal 8211)
   defining Unicode char U+2014 (decimal 8212)
   defining Unicode char U+2018 (decimal 8216)
   defining Unicode char U+2019 (decimal 8217)
   defining Unicode char U+201A (decimal 8218)
   defining Unicode char U+2030 (decimal 8240)
   defining Unicode char U+2039 (decimal 8249)
   defining Unicode char U+203A (decimal 8250)
   defining Unicode char U+20AC (decimal 8364)
   defining Unicode char U+2126 (decimal 8486)
   defining Unicode char U+10144 (decimal 65860)
   defining Unicode char U+10145 (decimal 65861)
   defining Unicode char U+10146 (decimal 65862)
   defining Unicode char U+10147 (decimal 65863)
)
(/usr/local/texlive/2022/texmf-dist/tex/latex/greek-fontenc/greek-fontenc.def
File: greek-fontenc.def 2020/10/30 2.0 Common Greek font encoding definitions
))
LaTeX Font Info:    Trying to load font information for T1+lmr on input line 11
2.
(/usr/local/texlive/2022/texmf-dist/tex/latex/lm/t1lmr.fd
File: t1lmr.fd 2015/05/01 v1.6.1 Font defs for Latin Modern
))
(/usr/local/texlive/2022/texmf-dist/tex/latex/base/inputenc.sty
Package: inputenc 2021/02/14 v1.3d Input encoding file
\inpenc@prehook=\toks31
\inpenc@posthook=\toks32
)
(/usr/local/texlive/2022/texmf-dist/tex/generic/babel/babel.sty
Package: babel 2022/02/26 3.73 The Babel package
\babel@savecnt=\count319
\U@D=\dimen265
\l@unhyphenated=\language87

(/usr/local/texlive/2022/texmf-dist/tex/generic/babel/txtbabel.def)
\bbl@readstream=\read2
\bbl@dirlevel=\count320

(/usr/local/texlive/2022/texmf-dist/tex/generic/babel-greek/greek.ldf
Language: greek 2020/11/10 v1.10 Greek support for the babel system
\bbl@monogreek=\count321
\bbl@polygreek=\count322
\bbl@ancientgreek=\count323
LaTeX Info: Redefining \& on input line 125.
)
(/usr/local/texlive/2022/texmf-dist/tex/generic/babel-latin/latin.ldf
Language: latin 2021-06-27 v4.0 Latin support from the babel system
Package babel Info: Making " an active character on input line 135.
)
(/usr/local/texlive/2022/texmf-dist/tex/generic/babel-english/english.ldf
Language: english 2017/06/06 v3.3r English support from the babel system
Package babel Info: Hyphen rules for 'canadian' set to \l@english
(babel)             (\language0). Reported on input line 102.
Package babel Info: Hyphen rules for 'australian' set to \l@ukenglish
(babel)             (\language21). Reported on input line 105.
Package babel Info: Hyphen rules for 'newzealand' set to \l@ukenglish
(babel)             (\language21). Reported on input line 108.
))
(/usr/local/texlive/2022/texmf-dist/tex/latex/csquotes/csquotes.sty
Package: csquotes 2021-02-22 v5.2l context-sensitive quotations (JAW)
\csq@reset=\count324
\csq@gtype=\count325
\csq@glevel=\count326
\csq@qlevel=\count327
\csq@maxlvl=\count328
\csq@tshold=\count329
\csq@ltx@everypar=\toks33

(/usr/local/texlive/2022/texmf-dist/tex/latex/csquotes/csquotes.def
File: csquotes.def 2021-02-22 v5.2l csquotes generic definitions (JAW)
)
Package csquotes Info: Trying to load configuration file 'csquotes.cfg'...
Package csquotes Info: ... configuration file loaded successfully.

(/usr/local/texlive/2022/texmf-dist/tex/latex/csquotes/csquotes.cfg
File: csquotes.cfg 
))
\mccurrentbaselineskip=\skip81
\mccurrentparskip=\skip82
\mccurrentparindent=\skip83

(/usr/local/texlive/2022/texmf-dist/tex/latex/framed/framed.sty
Package: framed 2011/10/22 v 0.96: framed or shaded text with page breaks
\OuterFrameSep=\skip84
\fb@frw=\dimen266
\fb@frh=\dimen267
\FrameRule=\dimen268
\FrameSep=\dimen269
)
(/usr/local/texlive/2022/texmf-dist/tex/generic/soul/soul.sty
Package: soul 2003/11/17 v2.4 letterspacing/underlining (mf)
\SOUL@word=\toks34
\SOUL@lasttoken=\toks35
\SOUL@cmds=\toks36
\SOUL@buffer=\toks37
\SOUL@token=\toks38
\SOUL@spaceskip=\skip85
\SOUL@ttwidth=\dimen270
\SOUL@uldp=\dimen271
\SOUL@ulht=\dimen272
))
(/usr/local/texlive/2022/texmf-dist/tex/latex/hyperref/hyperref.sty
Package: hyperref 2022-02-21 v7.00n Hypertext links for LaTeX

(/usr/local/texlive/2022/texmf-dist/tex/generic/ltxcmds/ltxcmds.sty
Package: ltxcmds 2020-05-10 v1.25 LaTeX kernel commands for general use (HO)
)
(/usr/local/texlive/2022/texmf-dist/tex/generic/pdftexcmds/pdftexcmds.sty
Package: pdftexcmds 2020-06-27 v0.33 Utility functions of pdfTeX for LuaTeX (HO
)

(/usr/local/texlive/2022/texmf-dist/tex/generic/infwarerr/infwarerr.sty
Package: infwarerr 2019/12/03 v1.5 Providing info/warning/error messages (HO)
)
Package pdftexcmds Info: \pdf@primitive is available.
Package pdftexcmds Info: \pdf@ifprimitive is available.
Package pdftexcmds Info: \pdfdraftmode found.
)
(/usr/local/texlive/2022/texmf-dist/tex/generic/kvsetkeys/kvsetkeys.sty
Package: kvsetkeys 2019/12/15 v1.18 Key value parser (HO)
)
(/usr/local/texlive/2022/texmf-dist/tex/generic/kvdefinekeys/kvdefinekeys.sty
Package: kvdefinekeys 2019-12-19 v1.6 Define keys (HO)
)
(/usr/local/texlive/2022/texmf-dist/tex/generic/pdfescape/pdfescape.sty
Package: pdfescape 2019/12/09 v1.15 Implements pdfTeX's escape features (HO)
)
(/usr/local/texlive/2022/texmf-dist/tex/latex/hycolor/hycolor.sty
Package: hycolor 2020-01-27 v1.10 Color options for hyperref/bookmark (HO)
)
(/usr/local/texlive/2022/texmf-dist/tex/latex/letltxmacro/letltxmacro.sty
Package: letltxmacro 2019/12/03 v1.6 Let assignment for LaTeX macros (HO)
)
(/usr/local/texlive/2022/texmf-dist/tex/latex/auxhook/auxhook.sty
Package: auxhook 2019-12-17 v1.6 Hooks for auxiliary files (HO)
)
(/usr/local/texlive/2022/texmf-dist/tex/latex/kvoptions/kvoptions.sty
Package: kvoptions 2020-10-07 v3.14 Key value format for package options (HO)
)
\@linkdim=\dimen273
\Hy@linkcounter=\count330
\Hy@pagecounter=\count331

(/usr/local/texlive/2022/texmf-dist/tex/latex/hyperref/pd1enc.def
File: pd1enc.def 2022-02-21 v7.00n Hyperref: PDFDocEncoding definition (HO)
Now handling font encoding PD1 ...
... no UTF-8 mapping file for font encoding PD1
)
(/usr/local/texlive/2022/texmf-dist/tex/generic/intcalc/intcalc.sty
Package: intcalc 2019/12/15 v1.3 Expandable calculations with integers (HO)
)
(/usr/local/texlive/2022/texmf-dist/tex/generic/etexcmds/etexcmds.sty
Package: etexcmds 2019/12/15 v1.7 Avoid name clashes with e-TeX commands (HO)
)
\Hy@SavedSpaceFactor=\count332

(/usr/local/texlive/2022/texmf-dist/tex/latex/hyperref/puenc.def
File: puenc.def 2022-02-21 v7.00n Hyperref: PDF Unicode definition (HO)
Now handling font encoding PU ...
... no UTF-8 mapping file for font encoding PU

(/usr/local/texlive/2022/texmf-dist/tex/latex/hyperref/puenc-greekbasic.def
File: puenc-greekbasic.def 2022-02-21 v7.00n Hyperref: PDF Unicode definition (
greek block) (HO)
))
Package hyperref Info: Option `pdfpagelabels' set `true' on input line 4018.
Package hyperref Info: Hyper figures OFF on input line 4137.
Package hyperref Info: Link nesting OFF on input line 4142.
Package hyperref Info: Hyper index ON on input line 4145.
Package hyperref Info: Plain pages OFF on input line 4152.
Package hyperref Info: Backreferencing OFF on input line 4157.
Package hyperref Info: Implicit mode ON; LaTeX internals redefined.
Package hyperref Info: Bookmarks ON on input line 4390.
\c@Hy@tempcnt=\count333

(/usr/local/texlive/2022/texmf-dist/tex/latex/url/url.sty
\Urlmuskip=\muskip20
Package: url 2013/09/16  ver 3.4  Verb mode for urls, etc.
)
LaTeX Info: Redefining \url on input line 4749.
\XeTeXLinkMargin=\dimen274

(/usr/local/texlive/2022/texmf-dist/tex/generic/bitset/bitset.sty
Package: bitset 2019/12/09 v1.3 Handle bit-vector datatype (HO)

(/usr/local/texlive/2022/texmf-dist/tex/generic/bigintcalc/bigintcalc.sty
Package: bigintcalc 2019/12/15 v1.5 Expandable calculations on big integers (HO
)
))
\Fld@menulength=\count334
\Field@Width=\dimen275
\Fld@charsize=\dimen276
Package hyperref Info: Hyper figures OFF on input line 6027.
Package hyperref Info: Link nesting OFF on input line 6032.
Package hyperref Info: Hyper index ON on input line 6035.
Package hyperref Info: backreferencing OFF on input line 6042.
Package hyperref Info: Link coloring OFF on input line 6047.
Package hyperref Info: Link coloring with OCG OFF on input line 6052.
Package hyperref Info: PDF/A mode OFF on input line 6057.
LaTeX Info: Redefining \ref on input line 6097.
LaTeX Info: Redefining \pageref on input line 6101.

(/usr/local/texlive/2022/texmf-dist/tex/latex/base/atbegshi-ltx.sty
Package: atbegshi-ltx 2021/01/10 v1.0c Emulation of the original atbegshi
package with kernel methods
)
\Hy@abspage=\count335
\c@Item=\count336
\c@Hfootnote=\count337
)
Package hyperref Info: Driver (autodetected): hpdftex.

(/usr/local/texlive/2022/texmf-dist/tex/latex/hyperref/hpdftex.def
File: hpdftex.def 2022-02-21 v7.00n Hyperref driver for pdfTeX

(/usr/local/texlive/2022/texmf-dist/tex/latex/base/atveryend-ltx.sty
Package: atveryend-ltx 2020/08/19 v1.0a Emulation of the original atveryend pac
kage
with kernel methods
)
\Fld@listcount=\count338
\c@bookmark@seq@number=\count339

(/usr/local/texlive/2022/texmf-dist/tex/latex/rerunfilecheck/rerunfilecheck.sty
Package: rerunfilecheck 2019/12/05 v1.9 Rerun checks for auxiliary files (HO)

(/usr/local/texlive/2022/texmf-dist/tex/generic/uniquecounter/uniquecounter.sty
Package: uniquecounter 2019/12/15 v1.4 Provide unlimited unique counter (HO)
)
Package uniquecounter Info: New unique counter `rerunfilecheck' on input line 2
86.
)
\Hy@SectionHShift=\skip86
) (/usr/local/texlive/2022/texmf-dist/tex/latex/xurl/xurl.sty
Package: xurl 2022/01/09 v 0.10 modify URL breaks
)
Package hyperref Info: Option `colorlinks' set `true' on input line 54.
Package hyperref Info: Option `linktocpage' set `true' on input line 54.

(/usr/local/texlive/2022/texmf-dist/tex/latex/float/float.sty
Package: float 2001/11/08 v1.3d Float enhancements (AL)
\c@float@type=\count340
\float@exts=\toks39
\float@box=\box116
\@float@everytoks=\toks40
\@floatcapt=\box117
)
(/usr/local/texlive/2022/texmf-dist/tex/generic/ulem/ulem.sty
\UL@box=\box118
\UL@hyphenbox=\box119
\UL@skip=\skip87
\UL@hook=\toks41
\UL@height=\dimen277
\UL@pe=\count341
\UL@pixel=\dimen278
\ULC@box=\box120
Package: ulem 2019/11/18
\ULdepth=\dimen279
)
(/usr/local/texlive/2022/texmf-dist/tex/generic/soulutf8/soulutf8.sty
Package: soulutf8 2019/12/15 v1.2 Permit use of UTF-8 characters in soul (HO)
)
(/usr/local/texlive/2022/texmf-dist/tex/latex/wrapfig/wrapfig.sty
\wrapoverhang=\dimen280
\WF@size=\dimen281
\c@WF@wrappedlines=\count342
\WF@box=\box121
\WF@everypar=\toks42
Package: wrapfig 2003/01/31  v 3.6
)
(/usr/local/texlive/2022/texmf-dist/tex/latex/colortbl/colortbl.sty
Package: colortbl 2020/01/04 v1.0e Color table columns (DPC)
\everycr=\toks43
\minrowclearance=\skip88
)
(/usr/local/texlive/2022/texmf-dist/tex/latex/pdflscape/pdflscape.sty
Package: pdflscape 2019/12/05 v0.12 Display of landscape pages in PDF (HO)

(/usr/local/texlive/2022/texmf-dist/tex/latex/graphics/lscape.sty
Package: lscape 2020/05/28 v3.02 Landscape Pages (DPC)
)
Package pdflscape Info: Auto-detected driver: pdftex on input line 81.
)
(/usr/local/texlive/2022/texmf-dist/tex/latex/tabu/tabu.sty
Package: tabu 2019/01/11 v2.9 - flexible LaTeX tabulars (FC+tabu-fixed)
\c@taburow=\count343
\tabu@nbcols=\count344
\tabu@cnt=\count345
\tabu@Xcol=\count346
\tabu@alloc=\count347
\tabu@nested=\count348
\tabu@target=\dimen282
\tabu@spreadtarget=\dimen283
\tabu@naturalX=\dimen284
\tabucolX=\dimen285
\tabu@Xsum=\dimen286
\extrarowdepth=\dimen287
\abovetabulinesep=\dimen288
\belowtabulinesep=\dimen289
\tabustrutrule=\dimen290
\tabu@thebody=\toks44
\tabu@footnotes=\toks45
\tabu@box=\box122
\tabu@arstrutbox=\box123
\tabu@hleads=\box124
\tabu@vleads=\box125
\tabu@cellskip=\skip89
)
(/usr/local/texlive/2022/texmf-dist/tex/latex/threeparttable/threeparttable.sty
Package: threeparttable 2003/06/13  v 3.0
\@tempboxb=\box126
)
(/usr/local/texlive/2022/texmf-dist/tex/latex/threeparttablex/threeparttablex.s
ty
Package: threeparttablex 2013/07/23 v0.3 by daleif
 (/usr/local/texlive/2022/texmf-dist/tex/latex/environ/environ.sty
Package: environ 2014/05/04 v0.3 A new way to define environments

(/usr/local/texlive/2022/texmf-dist/tex/latex/trimspaces/trimspaces.sty
Package: trimspaces 2009/09/17 v1.1 Trim spaces around a token list
))
\TPTL@width=\skip90
)
(/usr/local/texlive/2022/texmf-dist/tex/latex/makecell/makecell.sty
Package: makecell 2009/08/03 V0.1e Managing of Tab Column Heads and Cells
\rotheadsize=\dimen291
\c@nlinenum=\count349
\TeXr@lab=\toks46
)
(/usr/local/texlive/2022/texmf-dist/tex/latex/titlesec/titlesec.sty
Package: titlesec 2021/07/05 v2.14 Sectioning titles
\ttl@box=\box127
\beforetitleunit=\skip91
\aftertitleunit=\skip92
\ttl@plus=\dimen292
\ttl@minus=\dimen293
\ttl@toksa=\toks47
\titlewidth=\dimen294
\titlewidthlast=\dimen295
\titlewidthfirst=\dimen296
)
(/usr/local/texlive/2022/texmf-dist/tex/latex/fancyhdr/fancyhdr.sty
Package: fancyhdr 2021/01/28 v4.0.1 Extensive control of page headers and foote
rs
\f@nch@headwidth=\skip93
\f@nch@O@elh=\skip94
\f@nch@O@erh=\skip95
\f@nch@O@olh=\skip96
\f@nch@O@orh=\skip97
\f@nch@O@elf=\skip98
\f@nch@O@erf=\skip99
\f@nch@O@olf=\skip100
\f@nch@O@orf=\skip101
)

Package fancyhdr Warning: \fancyhead's `E' option without twoside option is use
less on input line 130.

(/usr/local/texlive/2022/texmf-dist/tex/latex/fancyvrb/fancyvrb.sty
Package: fancyvrb 2021/12/21 4.1b verbatim text (tvz,hv)
\FV@CodeLineNo=\count350
\FV@InFile=\read3
\FV@TabBox=\box128
\c@FancyVerbLine=\count351
\FV@StepNumber=\count352
\FV@OutFile=\write4
)
(/usr/local/texlive/2022/texmf-dist/tex/latex/fvextra/fvextra.sty
Package: fvextra 2019/02/04 v1.4 fvextra - extensions and patches for fancyvrb

(/usr/local/texlive/2022/texmf-dist/tex/latex/upquote/upquote.sty
Package: upquote 2012/04/19 v1.3 upright-quote and grave-accent glyphs in verba
tim
)
(/usr/local/texlive/2022/texmf-dist/tex/latex/lineno/lineno.sty
Package: lineno 2005/11/02 line numbers on paragraphs v4.41
\linenopenalty=\count353
\output=\toks48
\linenoprevgraf=\count354
\linenumbersep=\dimen297
\linenumberwidth=\dimen298
\c@linenumber=\count355
\c@pagewiselinenumber=\count356
\c@LN@truepage=\count357
\c@internallinenumber=\count358
\c@internallinenumbers=\count359
\quotelinenumbersep=\dimen299
\bframerule=\dimen300
\bframesep=\dimen301
\bframebox=\box129


LaTeX Warning: Command \@parboxrestore  has changed.
               Check if current package is valid.

LaTeX Info: Redefining \\ on input line 3056.
)

Package fvextra Warning: csquotes should be loaded after fvextra, to avoid a wa
rning from the lineno package on input line 37.

\c@FV@TrueTabGroupLevel=\count360
\c@FV@TrueTabCounter=\count361
\FV@TabBox@Group=\box130
\FV@TmpLength=\skip102
\c@FV@HighlightLinesStart=\count362
\c@FV@HighlightLinesStop=\count363
\FV@LoopCount=\count364
\FV@NCharsBox=\box131
\FV@BreakIndent=\dimen302
\FV@BreakIndentNChars=\count365
\FV@BreakSymbolSepLeft=\dimen303
\FV@BreakSymbolSepLeftNChars=\count366
\FV@BreakSymbolSepRight=\dimen304
\FV@BreakSymbolSepRightNChars=\count367
\FV@BreakSymbolIndentLeft=\dimen305
\FV@BreakSymbolIndentLeftNChars=\count368
\FV@BreakSymbolIndentRight=\dimen306
\FV@BreakSymbolIndentRightNChars=\count369
\c@FancyVerbLineBreakLast=\count370
\FV@LineBox=\box132
\FV@LineIndentBox=\box133
\FV@LineWidth=\dimen307
)
\cslhangindent=\skip103
\csllabelwidth=\skip104
\cslentryspacingunit=\skip105
Package csquotes Info: Checking for multilingual support...
Package csquotes Info: ... found 'babel' package.
Package csquotes Info: Adjusting default style.
Package csquotes Info: Redefining alias 'default' -> 'english'.
 (./2022_diss.aux)
\openout1 = `2022_diss.aux'.

LaTeX Font Info:    Checking defaults for OML/cmm/m/it on input line 226.
LaTeX Font Info:    ... okay on input line 226.
LaTeX Font Info:    Checking defaults for OMS/cmsy/m/n on input line 226.
LaTeX Font Info:    ... okay on input line 226.
LaTeX Font Info:    Checking defaults for OT1/cmr/m/n on input line 226.
LaTeX Font Info:    ... okay on input line 226.
LaTeX Font Info:    Checking defaults for T1/cmr/m/n on input line 226.
LaTeX Font Info:    ... okay on input line 226.
LaTeX Font Info:    Checking defaults for TS1/cmr/m/n on input line 226.
LaTeX Font Info:    ... okay on input line 226.
LaTeX Font Info:    Checking defaults for OMX/cmex/m/n on input line 226.
LaTeX Font Info:    ... okay on input line 226.
LaTeX Font Info:    Checking defaults for U/cmr/m/n on input line 226.
LaTeX Font Info:    ... okay on input line 226.
LaTeX Font Info:    Checking defaults for LGR/cmr/m/n on input line 226.
LaTeX Font Info:    Trying to load font information for LGR+cmr on input line 2
26.

(/usr/local/texlive/2022/texmf-dist/tex/latex/cbfonts-fd/lgrcmr.fd
File: lgrcmr.fd 2017/07/29 v1.2 Greek European Computer Regular
)
LaTeX Font Info:    ... okay on input line 226.
LaTeX Font Info:    Checking defaults for PD1/pdf/m/n on input line 226.
LaTeX Font Info:    ... okay on input line 226.
LaTeX Font Info:    Checking defaults for PU/pdf/m/n on input line 226.
LaTeX Font Info:    ... okay on input line 226.

*geometry* driver: auto-detecting
*geometry* detected driver: pdftex
*geometry* verbose mode - [ preamble ] result:
* driver: pdftex
* paper: a4paper
* layout: <same size as paper>
* layoutoffset:(h,v)=(0.0pt,0.0pt)
* modes: includehead 
* h-part:(L,W,R)=(88.2037pt, 421.10046pt, 88.2037pt)
* v-part:(T,H,B)=(71.13188pt, 697.09262pt, 76.82234pt)
* \paperwidth=597.50787pt
* \paperheight=845.04684pt
* \textwidth=421.10046pt
* \textheight=662.33034pt
* \oddsidemargin=15.93372pt
* \evensidemargin=15.93372pt
* \topmargin=-1.1381pt
* \headheight=15.0pt
* \headsep=22.76228pt
* \topskip=12.0pt
* \footskip=34.14322pt
* \marginparwidth=44.0pt
* \marginparsep=10.0pt
* \columnsep=10.0pt
* \skip\footins=10.8pt plus 4.0pt minus 2.0pt
* \hoffset=0.0pt
* \voffset=0.0pt
* \mag=1000
* \@twocolumnfalse
* \@twosidefalse
* \@mparswitchfalse
* \@reversemarginfalse
* (1in=72.27pt=25.4mm, 1cm=28.453pt)

(/usr/local/texlive/2022/texmf-dist/tex/context/base/mkii/supp-pdf.mkii
[Loading MPS to PDF converter (version 2006.09.02).]
\scratchcounter=\count371
\scratchdimen=\dimen308
\scratchbox=\box134
\nofMPsegments=\count372
\nofMParguments=\count373
\everyMPshowfont=\toks49
\MPscratchCnt=\count374
\MPscratchDim=\dimen309
\MPnumerator=\count375
\makeMPintoPDFobject=\count376
\everyMPtoPDFconversion=\toks50
) (/usr/local/texlive/2022/texmf-dist/tex/latex/epstopdf-pkg/epstopdf-base.sty
Package: epstopdf-base 2020-01-24 v2.11 Base part for package epstopdf
Package epstopdf-base Info: Redefining graphics rule for `.eps' on input line 4
85.

(/usr/local/texlive/2022/texmf-dist/tex/latex/latexconfig/epstopdf-sys.cfg
File: epstopdf-sys.cfg 2010/07/13 v1.3 Configuration of (r)epstopdf for TeX Liv
e
))
LaTeX Info: Redefining \microtypecontext on input line 226.
Package microtype Info: Applying patch `item' on input line 226.
Package microtype Info: Applying patch `toc' on input line 226.
Package microtype Info: Applying patch `eqnum' on input line 226.
Package microtype Info: Applying patch `footnote' on input line 226.
Package microtype Info: Generating PDF output.
Package microtype Info: Character protrusion enabled (level 2).
Package microtype Info: Using default protrusion set `alltext'.
Package microtype Info: Automatic font expansion enabled (level 2),
(microtype)             stretch: 20, shrink: 20, step: 1, non-selected.
Package microtype Info: Using default expansion set `alltext-nott'.
LaTeX Info: Redefining \showhyphens on input line 226.
Package microtype Info: No adjustment of tracking.
Package microtype Info: No adjustment of interword spacing.
Package microtype Info: No adjustment of character kerning.

(/usr/local/texlive/2022/texmf-dist/tex/latex/microtype/mt-cmr.cfg
File: mt-cmr.cfg 2013/05/19 v2.2 microtype config. file: Computer Modern Roman 
(RS)
)
Package caption Info: Begin \AtBeginDocument code.
Package caption Info: float package is loaded.
Package caption Info: hyperref package is loaded.
Package caption Info: rotating package is loaded.
Package caption Info: threeparttable package is loaded.
Package caption Info: wrapfig package is loaded.
Package caption Info: End \AtBeginDocument code.

(/usr/local/texlive/2022/texmf-dist/tex/latex/greek-fontenc/puenc-greek.def
File: puenc-greek.def 2020/10/18 2.0 Greek LICRs for PDF strings

(/usr/local/texlive/2022/texmf-dist/tex/latex/greek-fontenc/greek-fontenc.def
File: greek-fontenc.def 2020/10/30 2.0 Common Greek font encoding definitions
))
Package hyperref Info: Link coloring ON on input line 226.
(/usr/local/texlive/2022/texmf-dist/tex/latex/hyperref/nameref.sty
Package: nameref 2021-04-02 v2.47 Cross-referencing by name of section

(/usr/local/texlive/2022/texmf-dist/tex/latex/refcount/refcount.sty
Package: refcount 2019/12/15 v3.6 Data extraction from label references (HO)
)
(/usr/local/texlive/2022/texmf-dist/tex/generic/gettitlestring/gettitlestring.s
ty
Package: gettitlestring 2019/12/15 v1.6 Cleanup title references (HO)
)
\c@section@level=\count377
)
LaTeX Info: Redefining \ref on input line 226.
LaTeX Info: Redefining \pageref on input line 226.
LaTeX Info: Redefining \nameref on input line 226.
\@outlinefile=\write5
\openout5 = `2022_diss.out'.

 (./front-and-back-matter/uds-title-page.tex
<templates/beltcrest.png, id=4, 191.87685pt x 210.3057pt>
File: templates/beltcrest.png Graphic file (type png)
<use templates/beltcrest.png>
Package pdftex.def Info: templates/beltcrest.png  used on input line 15.
(pdftex.def)             Requested size: 72.26999pt x 79.211pt.
 [1


{/usr/local/texlive/2022/texmf-var/fonts/map/pdftex/updmap/pdftex.map} <./templ
ates/beltcrest.png>]
LaTeX Font Info:    Trying to load font information for OT1+lmr on input line 4
8.

(/usr/local/texlive/2022/texmf-dist/tex/latex/lm/ot1lmr.fd
File: ot1lmr.fd 2015/05/01 v1.6.1 Font defs for Latin Modern
)
LaTeX Font Info:    Trying to load font information for OML+lmm on input line 4
8.

(/usr/local/texlive/2022/texmf-dist/tex/latex/lm/omllmm.fd
File: omllmm.fd 2015/05/01 v1.6.1 Font defs for Latin Modern
)
LaTeX Font Info:    Trying to load font information for OMS+lmsy on input line 
48.

(/usr/local/texlive/2022/texmf-dist/tex/latex/lm/omslmsy.fd
File: omslmsy.fd 2015/05/01 v1.6.1 Font defs for Latin Modern
)
LaTeX Font Info:    Trying to load font information for OMX+lmex on input line 
48.

(/usr/local/texlive/2022/texmf-dist/tex/latex/lm/omxlmex.fd
File: omxlmex.fd 2015/05/01 v1.6.1 Font defs for Latin Modern
)
LaTeX Font Info:    External font `lmex10' loaded for size
(Font)              <12> on input line 48.
LaTeX Font Info:    External font `lmex10' loaded for size
(Font)              <8> on input line 48.
LaTeX Font Info:    External font `lmex10' loaded for size
(Font)              <6> on input line 48.
LaTeX Font Info:    Trying to load font information for U+msa on input line 48.


(/usr/local/texlive/2022/texmf-dist/tex/latex/amsfonts/umsa.fd
File: umsa.fd 2013/01/14 v3.01 AMS symbols A
)
(/usr/local/texlive/2022/texmf-dist/tex/latex/microtype/mt-msa.cfg
File: mt-msa.cfg 2006/02/04 v1.1 microtype config. file: AMS symbols (a) (RS)
)
LaTeX Font Info:    Trying to load font information for U+msb on input line 48.


(/usr/local/texlive/2022/texmf-dist/tex/latex/amsfonts/umsb.fd
File: umsb.fd 2013/01/14 v3.01 AMS symbols B
)
(/usr/local/texlive/2022/texmf-dist/tex/latex/microtype/mt-msb.cfg
File: mt-msb.cfg 2005/06/01 v1.0 microtype config. file: AMS symbols (b) (RS)
)) [2]
[3

]
LaTeX Font Info:    Trying to load font information for T1+put on input line 29
4.
 (/usr/local/texlive/2022/texmf-dist/tex/latex/psnfss/t1put.fd
File: t1put.fd 2001/06/04 font definitions for T1/put.
)
Package microtype Info: Loading generic protrusion settings for font family
(microtype)             `put' (encoding: T1).
(microtype)             For optimal results, create family-specific settings.
(microtype)             See the microtype manual for details.
 [4


] [5]
Overfull \hbox (44.8165pt too wide) in paragraph at lines 341--342
[]\T1/lmr/m/n/12 (-20) In Kapi-tel 5 un-ter-suchten wir zunchst die Rolle der 
Top-down-Aufmerksamkeitsregulation
 []

[6


] [7] [8


] [9] [10]
\tf@toc=\write6
\openout6 = `2022_diss.toc'.

 [11

]
\tf@lof=\write7
\openout7 = `2022_diss.lof'.

 [12

]
\tf@lot=\write8
\openout8 = `2022_diss.lot'.

 [13

] [14

]
Chapter 1.

LaTeX Warning: Reference `fig:noisy-channel' on page 1 undefined on input line 
553.

<figures/materials/noisy-channel.pdf, id=87, 1120.185pt x 180.675pt>
File: figures/materials/noisy-channel.pdf Graphic file (type pdf)
<use figures/materials/noisy-channel.pdf>
Package pdftex.def Info: figures/materials/noisy-channel.pdf  used on input lin
e 557.
(pdftex.def)             Requested size: 378.98784pt x 61.12817pt.
[1


 <./figures/materials/noisy-channel.pdf>]
LaTeX Font Info:    External font `lmex10' loaded for size
(Font)              <10> on input line 584.
LaTeX Font Info:    External font `lmex10' loaded for size
(Font)              <7> on input line 584.
LaTeX Font Info:    External font `lmex10' loaded for size
(Font)              <5> on input line 584.


LaTeX Warning: Reference `fig:bayesian-network' on page 2 undefined on input li
ne 590.


LaTeX Warning: Reference `fig:noisy-channel' on page 2 undefined on input line 
590.

<figures/materials/bayesian-network.pdf, id=134, 512.91624pt x 158.5925pt>
File: figures/materials/bayesian-network.pdf Graphic file (type pdf)
<use figures/materials/bayesian-network.pdf>
Package pdftex.def Info: figures/materials/bayesian-network.pdf  used on input 
line 594.
(pdftex.def)             Requested size: 378.98784pt x 117.18236pt.

LaTeX Warning: Reference `fig:bayesian-network' on page 2 undefined on input li
ne 601.

[2]

LaTeX Warning: Reference `eq:noisy-channel3' on page 3 undefined on input line 
610.


LaTeX Warning: Reference `fig:bayesian-network' on page 3 undefined on input li
ne 610.

LaTeX Font Info:    Trying to load font information for TS1+lmr on input line 6
17.
(/usr/local/texlive/2022/texmf-dist/tex/latex/lm/ts1lmr.fd
File: ts1lmr.fd 2015/05/01 v1.6.1 Font defs for Latin Modern
) [3 <./figures/materials/bayesian-network.pdf>]

LaTeX Warning: Reference `predictive-language-processing' on page 4 undefined o
n input line 653.

[4] [5] [6] [7]

LaTeX Warning: Reference `chapter-attention-prediction' on page 8 undefined on 
input line 740.


LaTeX Warning: Reference `chapter-graded-prediction' on page 8 undefined on inp
ut line 740.

[8]

LaTeX Warning: Reference `chapter-attention-prediction' on page 9 undefined on 
input line 747.


LaTeX Warning: Reference `chapter-graded-prediction' on page 9 undefined on inp
ut line 756.


LaTeX Warning: Reference `chapter-speech-rate' on page 9 undefined on input lin
e 756.

[9]

LaTeX Warning: Reference `chapter-speech-rate' on page 10 undefined on input li
ne 763.


LaTeX Warning: Reference `chapter-graded-prediction' on page 10 undefined on in
put line 771.


LaTeX Warning: Reference `chapter-speech-rate' on page 10 undefined on input li
ne 771.

[10]

LaTeX Warning: Reference `chapter-background' on page 11 undefined on input lin
e 785.


LaTeX Warning: Reference `chapter-methods' on page 11 undefined on input line 7
90.


LaTeX Warning: Reference `chapter-stats' on page 11 undefined on input line 794
.

LaTeX Font Info:    Trying to load font information for T1+lmtt on input line 7
97.
(/usr/local/texlive/2022/texmf-dist/tex/latex/lm/t1lmtt.fd
File: t1lmtt.fd 2015/05/01 v1.6.1 Font defs for Latin Modern
)
Package microtype Info: Loading generic protrusion settings for font family
(microtype)             `lmtt' (encoding: T1).
(microtype)             For optimal results, create family-specific settings.
(microtype)             See the microtype manual for details.


LaTeX Warning: Reference `chapter-attention-prediction' on page 11 undefined on
 input line 800.

[11]

LaTeX Warning: Reference `chapter-graded-prediction' on page 12 undefined on in
put line 816.


LaTeX Warning: Reference `chapter-attention-prediction' on page 12 undefined on
 input line 817.


LaTeX Warning: Reference `chapter-speech-rate' on page 12 undefined on input li
ne 827.


LaTeX Warning: Reference `chapter-graded-prediction' on page 12 undefined on in
put line 827.


LaTeX Warning: Reference `chapter-graded-prediction' on page 12 undefined on in
put line 829.


LaTeX Warning: Reference `chapter-graded-prediction' on page 12 undefined on in
put line 830.


LaTeX Warning: Reference `chapter-conclusion' on page 12 undefined on input lin
e 840.

[12]

LaTeX Warning: Reference `chapter-ethics' on page 13 undefined on input line 84
4.

[13] [14]
Chapter 2.

LaTeX Warning: Reference `fig:noisy-channel' on page 15 undefined on input line
 926.


LaTeX Warning: Reference `fig:bayesian-network' on page 15 undefined on input l
ine 926.

[15

]

LaTeX Warning: Reference `speech-processing' on page 16 undefined on input line
 936.


LaTeX Warning: Reference `compression-expansion' on page 16 undefined on input 
line 938.


LaTeX Warning: Reference `chapter-speech-rate' on page 16 undefined on input li
ne 939.

[16]

LaTeX Warning: Reference `noise-vocoding' on page 17 undefined on input line 94
2.


LaTeX Warning: Reference `chapter-methods' on page 17 undefined on input line 9
53.

[17] [18] [19]

LaTeX Warning: Reference `chapter-introduction' on page 20 undefined on input l
ine 1002.


LaTeX Warning: Reference `kite' on page 20 undefined on input line 1002.

[20]
Overfull \hbox (1.891pt too wide) in paragraph at lines 1024--1038
\T1/lmr/m/n/12 (-20) We have dis-cussed above that in-di-vid-u-als make pre-dic
-tions about not-yet-encountered
 []

[21] [22] [23] [24] [25]

LaTeX Warning: Reference `chapter-methods' on page 26 undefined on input line 1
119.


LaTeX Warning: Reference `speech-processing' on page 26 undefined on input line
 1119.

[26]
Chapter 3.

LaTeX Warning: Reference `cloze-table' on page 27 undefined on input line 1155.



LaTeX Warning: Reference `fig:cloze-distribution' on page 27 undefined on input
 line 1156.


LaTeX Warning: Reference `appendix-A' on page 27 undefined on input line 1157.

[27

]
<figures/materials/cloze-distribution.jpg, id=664, 4818.0pt x 1999.47pt>
File: figures/materials/cloze-distribution.jpg Graphic file (type jpg)
<use figures/materials/cloze-distribution.jpg>
Package pdftex.def Info: figures/materials/cloze-distribution.jpg  used on inpu
t line 1180.
(pdftex.def)             Requested size: 378.98784pt x 157.27603pt.
 [28 <./figures/materials/cloze-distribution.jpg>]

LaTeX Warning: Reference `frequencies' on page 29 undefined on input line 1208.



LaTeX Warning: Reference `fig:vocoding-spectrogram' on page 29 undefined on inp
ut line 1213.

<figures/materials/aufgabe_clear.png, id=681, 976.64874pt x 248.93pt>
File: figures/materials/aufgabe_clear.png Graphic file (type png)
<use figures/materials/aufgabe_clear.png>
Package pdftex.def Info: figures/materials/aufgabe_clear.png  used on input lin
e 1217.
(pdftex.def)             Requested size: 378.98784pt x 96.59612pt.
<figures/materials/aufgabe_8bands.png, id=682, 976.64874pt x 248.93pt>
File: figures/materials/aufgabe_8bands.png Graphic file (type png)
<use figures/materials/aufgabe_8bands.png>
Package pdftex.def Info: figures/materials/aufgabe_8bands.png  used on input li
ne 1217.
(pdftex.def)             Requested size: 378.98784pt x 96.59612pt.
<figures/materials/aufgabe_6bands.png, id=683, 976.64874pt x 248.93pt>
File: figures/materials/aufgabe_6bands.png Graphic file (type png)
<use figures/materials/aufgabe_6bands.png>
Package pdftex.def Info: figures/materials/aufgabe_6bands.png  used on input li
ne 1217.
(pdftex.def)             Requested size: 378.98784pt x 96.59612pt.
<figures/materials/aufgabe_4bands.png, id=684, 976.64874pt x 248.93pt>
File: figures/materials/aufgabe_4bands.png Graphic file (type png)
<use figures/materials/aufgabe_4bands.png>
Package pdftex.def Info: figures/materials/aufgabe_4bands.png  used on input li
ne 1217.
(pdftex.def)             Requested size: 378.98784pt x 96.59612pt.
<figures/materials/aufgabe_1band.png, id=685, 976.64874pt x 248.93pt>
File: figures/materials/aufgabe_1band.png Graphic file (type png)
<use figures/materials/aufgabe_1band.png>
Package pdftex.def Info: figures/materials/aufgabe_1band.png  used on input lin
e 1217.
(pdftex.def)             Requested size: 378.98784pt x 96.59612pt.
[29] [30 <./figures/materials/aufgabe_clear.png> <./figures/materials/aufgabe_8
bands.png> <./figures/materials/aufgabe_6bands.png> <./figures/materials/aufgab
e_4bands.png> <./figures/materials/aufgabe_1band.png>]

LaTeX Warning: Reference `fig:speech-rate' on page 31 undefined on input line 1
265.

[31]
<figures/materials/aufgabe_fast.png, id=722, 1474.50874pt x 396.48125pt>
File: figures/materials/aufgabe_fast.png Graphic file (type png)
<use figures/materials/aufgabe_fast.png>
Package pdftex.def Info: figures/materials/aufgabe_fast.png  used on input line
 1269.
(pdftex.def)             Requested size: 378.98784pt x 101.90297pt.
<figures/materials/aufgabe_normal.png, id=723, 1474.50874pt x 396.48125pt>
File: figures/materials/aufgabe_normal.png Graphic file (type png)
<use figures/materials/aufgabe_normal.png>
Package pdftex.def Info: figures/materials/aufgabe_normal.png  used on input li
ne 1269.
(pdftex.def)             Requested size: 378.98784pt x 101.90297pt.
<figures/materials/aufgabe_slow.png, id=724, 1474.50874pt x 396.48125pt>
File: figures/materials/aufgabe_slow.png Graphic file (type png)
<use figures/materials/aufgabe_slow.png>
Package pdftex.def Info: figures/materials/aufgabe_slow.png  used on input line
 1269.
(pdftex.def)             Requested size: 378.98784pt x 101.90297pt.
 [32 <./figures/materials/aufgabe_fast.png> <./figures/materials/aufgabe_normal
.png> <./figures/materials/aufgabe_slow.png>] [33] [34]
Chapter 4.
[35

]

LaTeX Warning: Reference `eq:linear-regression' on page 36 undefined on input l
ine 1384.

[36]

LaTeX Warning: Reference `chapter-6-measurement' on page 37 undefined on input 
line 1403.

[37] [38]

LaTeX Warning: Reference `eq:mixed-effects1' on page 39 undefined on input line
 1447.


LaTeX Warning: Reference `eq:mixed-effects2' on page 39 undefined on input line
 1469.


LaTeX Warning: Reference `eq:logit-to-prob' on page 39 undefined on input line 
1470.


LaTeX Warning: Reference `eq:logiteq' on page 39 undefined on input line 1470.

[39] [40] [41]
Chapter 5.
[42

] [43] [44] [45]

LaTeX Warning: Reference `chapter-methods' on page 46 undefined on input line 1
605.


LaTeX Warning: Reference `experimental-materials' on page 46 undefined on input
 line 1605.

[46]

LaTeX Warning: Reference `chapter-stats' on page 47 undefined on input line 162
8.


LaTeX Warning: Reference `analysis-main' on page 47 undefined on input line 162
8.

[47]

LaTeX Warning: Reference `summary1a' on page 48 undefined on input line 1644.


LaTeX Warning: Reference `fig:figure1a' on page 48 undefined on input line 1644
.


LaTeX Warning: Reference `results1a' on page 48 undefined on input line 1647.

[48]
<figures/results-fig/expt-1a.jpg, id=1033, 6624.75pt x 4215.75pt>
File: figures/results-fig/expt-1a.jpg Graphic file (type jpg)
<use figures/results-fig/expt-1a.jpg>
Package pdftex.def Info: figures/results-fig/expt-1a.jpg  used on input line 16
79.
(pdftex.def)             Requested size: 400.04414pt x 254.54227pt.


LaTeX Warning: Reference `fig:figure1a' on page 49 undefined on input line 1689
.

[49 <./figures/results-fig/expt-1a.jpg>]
Overfull \hbox (14.918pt too wide) in paragraph at lines 1710--1740
 [] 
 []

[50] [51]

LaTeX Warning: Reference `summary1b' on page 52 undefined on input line 1780.


LaTeX Warning: Reference `fig:figure1b' on page 52 undefined on input line 1780
.


LaTeX Warning: Reference `results1b' on page 52 undefined on input line 1782.

<figures/results-fig/expt-1b.jpg, id=1058, 6624.75pt x 4215.75pt>
File: figures/results-fig/expt-1b.jpg Graphic file (type jpg)
<use figures/results-fig/expt-1b.jpg>
Package pdftex.def Info: figures/results-fig/expt-1b.jpg  used on input line 18
14.
(pdftex.def)             Requested size: 400.04414pt x 254.54227pt.
[52] [53 <./figures/results-fig/expt-1b.jpg>]
Overfull \hbox (14.918pt too wide) in paragraph at lines 1848--1878
 [] 
 []


LaTeX Warning: Reference `results1ab' on page 54 undefined on input line 1892.

[54]
Overfull \hbox (14.918pt too wide) in paragraph at lines 1899--1940
 [] 
 []


LaTeX Warning: `!h' float specifier changed to `!ht'.

[55] [56] [57] [58] [59] [60]
Chapter 6.

LaTeX Warning: Reference `chapter-attention-prediction' on page 61 undefined on
 input line 2033.

[61

] [62]

LaTeX Warning: Reference `chapter-background' on page 63 undefined on input lin
e 2068.


LaTeX Warning: Reference `background-facilitatory-effect' on page 63 undefined 
on input line 2068.

[63]

LaTeX Warning: Reference `chapter-background' on page 64 undefined on input lin
e 2092.

[64] [65]

LaTeX Warning: Reference `chapter-background' on page 66 undefined on input lin
e 2118.


LaTeX Warning: Reference `background-adaptation' on page 66 undefined on input 
line 2118.


LaTeX Warning: Reference `chapter-attention-prediction' on page 66 undefined on
 input line 2137.

[66] [67]

LaTeX Warning: Reference `chapter-attention-prediction' on page 68 undefined on
 input line 2168.


LaTeX Warning: Reference `chapter-methods' on page 68 undefined on input line 2
175.


LaTeX Warning: Reference `experimental-materials' on page 68 undefined on input
 line 2175.

[68] [69]

LaTeX Warning: Reference `chapter-attention-prediction' on page 70 undefined on
 input line 2207.

[70]

LaTeX Warning: Reference `chapter-stats' on page 71 undefined on input line 222
7.


LaTeX Warning: Reference `analysis-main' on page 71 undefined on input line 222
7.


LaTeX Warning: Reference `summarypredictable' on page 71 undefined on input lin
e 2234.


LaTeX Warning: Reference `summaryunpredictable' on page 71 undefined on input l
ine 2234.


LaTeX Warning: Reference `fig:figure2' on page 71 undefined on input line 2234.



LaTeX Warning: Reference `results2' on page 71 undefined on input line 2236.

[71]
<figures/results-fig/expt-2.jpg, id=1317, 3312.375pt x 2107.875pt>
File: figures/results-fig/expt-2.jpg Graphic file (type jpg)
<use figures/results-fig/expt-2.jpg>
Package pdftex.def Info: figures/results-fig/expt-2.jpg  used on input line 229
2.
(pdftex.def)             Requested size: 400.04414pt x 254.57443pt.
 [72 <./figures/results-fig/expt-2.jpg>]
Overfull \hbox (14.918pt too wide) in paragraph at lines 2313--2335
 [] 
 []


LaTeX Warning: Reference `chapter-attention-prediction' on page 73 undefined on
 input line 2351.

[73]

LaTeX Warning: Reference `appendix-A' on page 74 undefined on input line 2368.

[74]

LaTeX Warning: Reference `appendix-B' on page 75 undefined on input line 2389.

[75] [76] [77] [78] [79]
Chapter 7.
[80

]

LaTeX Warning: Reference `chapter-attention-prediction' on page 81 undefined on
 input line 2468.

[81] [82] [83] [84] [85] [86] [87] [88]

LaTeX Warning: Reference `chapter-methods' on page 89 undefined on input line 2
599.


LaTeX Warning: Reference `experimental-materials' on page 89 undefined on input
 line 2599.


LaTeX Warning: Reference `chapter-methods' on page 89 undefined on input line 2
602.


LaTeX Warning: Reference `compression-expansion' on page 89 undefined on input 
line 2602.


LaTeX Warning: Reference `chapter-methods' on page 89 undefined on input line 2
603.


LaTeX Warning: Reference `noise-vocoding' on page 89 undefined on input line 26
03.

[89]

LaTeX Warning: Reference `chapter-stats' on page 90 undefined on input line 263
4.


LaTeX Warning: Reference `analysis-main' on page 90 undefined on input line 263
4.

[90]

Package longtable Warning: Column widths have changed
(longtable)                in table 7.1 on input line 2665.


LaTeX Warning: Reference `summary3a' on page 91 undefined on input line 2667.


LaTeX Warning: Reference `fig:figure3a' on page 91 undefined on input line 2667
.


LaTeX Warning: Reference `results3a' on page 91 undefined on input line 2669.

<figures/results-fig/expt-3a.jpg, id=1587, 3312.375pt x 2107.875pt>
File: figures/results-fig/expt-3a.jpg Graphic file (type jpg)
<use figures/results-fig/expt-3a.jpg>
Package pdftex.def Info: figures/results-fig/expt-3a.jpg  used on input line 26
73.
(pdftex.def)             Requested size: 400.04414pt x 254.57443pt.

Overfull \hbox (11.03775pt too wide) in paragraph at lines 2685--2699
 [] 
 []


LaTeX Warning: Reference `fig:figure3a' on page 91 undefined on input line 2705
.

[91] [92 <./figures/results-fig/expt-3a.jpg>] [93]

Package longtable Warning: Column widths have changed
(longtable)                in table 7.3 on input line 2782.


LaTeX Warning: Reference `summary3b' on page 94 undefined on input line 2784.


LaTeX Warning: Reference `fig:figure3b' on page 94 undefined on input line 2784
.


LaTeX Warning: Reference `results3b' on page 94 undefined on input line 2787.

[94]
<figures/results-fig/expt-3b.jpg, id=1622, 3312.375pt x 2107.875pt>
File: figures/results-fig/expt-3b.jpg Graphic file (type jpg)
<use figures/results-fig/expt-3b.jpg>
Package pdftex.def Info: figures/results-fig/expt-3b.jpg  used on input line 27
91.
(pdftex.def)             Requested size: 400.04414pt x 254.57443pt.

Overfull \hbox (11.03775pt too wide) in paragraph at lines 2803--2817
 [] 
 []

[95 <./figures/results-fig/expt-3b.jpg>]

LaTeX Warning: Reference `chapter-graded-prediction' on page 96 undefined on in
put line 2839.

[96] [97] [98]

LaTeX Warning: Reference `appendix-C' on page 99 undefined on input line 2883.

[99] [100]

LaTeX Warning: Reference `chapter-attention-prediction' on page 101 undefined o
n input line 2919.


LaTeX Warning: Reference `chapter-graded-prediction' on page 101 undefined on i
nput line 2919.


LaTeX Warning: Reference `chapter-speech-rate' on page 101 undefined on input l
ine 2919.

[101]
Chapter 8.

LaTeX Warning: Reference `chapter-introduction' on page 102 undefined on input 
line 2927.


LaTeX Warning: Reference `chapter-attention-prediction' on page 102 undefined o
n input line 2940.

[102

]

LaTeX Warning: Reference `chapter-graded-prediction' on page 103 undefined on i
nput line 2947.


LaTeX Warning: Reference `chapter-attention-prediction' on page 103 undefined o
n input line 2948.


LaTeX Warning: Reference `chapter-attention-prediction' on page 103 undefined o
n input line 2960.


LaTeX Warning: Reference `chapter-graded-prediction' on page 103 undefined on i
nput line 2960.


LaTeX Warning: Reference `chapter-graded-prediction' on page 103 undefined on i
nput line 2961.


LaTeX Warning: Reference `chapter-attention-prediction' on page 103 undefined o
n input line 2961.


LaTeX Warning: Reference `chapter-attention-prediction' on page 103 undefined o
n input line 2963.


LaTeX Warning: Reference `chapter-graded-prediction' on page 103 undefined on i
nput line 2964.


LaTeX Warning: Reference `chapter-graded-prediction' on page 103 undefined on i
nput line 2966.


LaTeX Warning: Reference `chapter-attention-prediction' on page 103 undefined o
n input line 2966.


LaTeX Warning: Reference `chapter-graded-prediction' on page 103 undefined on i
nput line 2967.


LaTeX Warning: Reference `chapter-attention-prediction' on page 103 undefined o
n input line 2967.

[103]

LaTeX Warning: Reference `chapter-graded-prediction' on page 104 undefined on i
nput line 2969.


LaTeX Warning: Reference `chapter-speech-rate' on page 104 undefined on input l
ine 2970.


LaTeX Warning: Reference `chapter-attention-prediction' on page 104 undefined o
n input line 2982.


LaTeX Warning: Reference `chapter-graded-prediction' on page 104 undefined on i
nput line 2982.

[104]

LaTeX Warning: Reference `fig:noisy-channel' on page 105 undefined on input lin
e 3008.


LaTeX Warning: Reference `eq:noisy-channel3' on page 105 undefined on input lin
e 3009.


LaTeX Warning: Reference `chapter-introduction' on page 105 undefined on input 
line 3009.


LaTeX Warning: Reference `chapter-graded-prediction' on page 105 undefined on i
nput line 3013.


LaTeX Warning: Reference `chapter-graded-prediction' on page 105 undefined on i
nput line 3018.

[105]

LaTeX Warning: Reference `chapter-attention-prediction' on page 106 undefined o
n input line 3028.

[106] [107]

LaTeX Warning: Reference `chapter-speech-rate' on page 108 undefined on input l
ine 3080.


LaTeX Warning: Reference `chapter-attention-prediction' on page 108 undefined o
n input line 3080.


LaTeX Warning: Reference `chapter-graded-prediction' on page 108 undefined on i
nput line 3080.

[108] [109] [110]

LaTeX Warning: Reference `chapter-speech-rate' on page 111 undefined on input l
ine 3143.

[111]

LaTeX Warning: Reference `chapter-attention-prediction' on page 112 undefined o
n input line 3154.


LaTeX Warning: Reference `chapter-graded-prediction' on page 112 undefined on i
nput line 3154.


LaTeX Warning: Reference `chapter-speech-rate' on page 112 undefined on input l
ine 3154.

[112]

LaTeX Warning: Reference `chapter-methods' on page 113 undefined on input line 
3164.


LaTeX Warning: Reference `online-experiment' on page 113 undefined on input lin
e 3164.

[113]

LaTeX Warning: Reference `chapter-attention-prediction' on page 114 undefined o
n input line 3194.


LaTeX Warning: Reference `chapter-graded-prediction' on page 114 undefined on i
nput line 3194.


LaTeX Warning: Reference `chapter-speech-rate' on page 114 undefined on input l
ine 3194.


LaTeX Warning: Reference `chapter-attention-prediction' on page 114 undefined o
n input line 3205.

[114] [115] [116

]
Appendix A.

LaTeX Warning: Reference `chapter-attention-prediction' on page 117 undefined o
n input line 3222.


LaTeX Warning: Reference `chapter-graded-prediction' on page 117 undefined on i
nput line 3222.


LaTeX Warning: Reference `chapter-speech-rate' on page 117 undefined on input l
ine 3223.


Overfull \hbox (0.87828pt too wide) in paragraph at lines 3236--3237
[]\T1/lmr/m/n/12 (-20) predictability  
 []


Overfull \hbox (0.87828pt too wide) in paragraph at lines 3250--3251
[]\T1/lmr/m/n/12 (-20) predictability  
 []

[117

] [118] [119] [120] [121] [122] [123] [124] [125] [126]
Appendix B.

LaTeX Warning: Reference `chapter-graded-prediction' on page 127 undefined on i
nput line 3634.


Overfull \hbox (14.918pt too wide) in paragraph at lines 3641--3672
 [] 
 []


LaTeX Warning: `h' float specifier changed to `ht'.


Overfull \hbox (18.01689pt too wide) in paragraph at lines 3680--3695
 [] 
 []


LaTeX Warning: `h' float specifier changed to `ht'.

[127

] [128]
Appendix C.

LaTeX Warning: Reference `chapter-speech-rate' on page 129 undefined on input l
ine 3701.


LaTeX Warning: Reference `fastcomplementary' on page 129 undefined on input lin
e 3705.


LaTeX Warning: Reference `slowcomplementary' on page 129 undefined on input lin
e 3705.


LaTeX Warning: Reference `chapter-speech-rate' on page 129 undefined on input l
ine 3706.


Overfull \hbox (11.03775pt too wide) in paragraph at lines 3714--3728
 [] 
 []


LaTeX Warning: `h' float specifier changed to `ht'.


Overfull \hbox (11.03775pt too wide) in paragraph at lines 3736--3750
 [] 
 []


Underfull \vbox (badness 7540) has occurred while \output is active []

 [129

]
[130]
Appendix D.
[131

]
Appendix E.
[132

]
Underfull \vbox (badness 10000) has occurred while \output is active []

 [133

]
Underfull \vbox (badness 10000) has occurred while \output is active []

 [134]
Underfull \vbox (badness 10000) has occurred while \output is active []

 [135]
Underfull \vbox (badness 10000) has occurred while \output is active []

 [136]
Underfull \vbox (badness 10000) has occurred while \output is active []

 [137]
Underfull \vbox (badness 10000) has occurred while \output is active []

 [138]
Underfull \vbox (badness 10000) has occurred while \output is active []

 [139]
Underfull \vbox (badness 10000) has occurred while \output is active []

 [140]
Overfull \hbox (0.45642pt too wide) in paragraph at lines 4058--4060
[]\T1/lmr/m/n/12 (-20) Greenwood, D. D. (1990). A cochlear frequency-position f
unction for several species---
 []


Underfull \vbox (badness 10000) has occurred while \output is active []

 [141]
Underfull \vbox (badness 10000) has occurred while \output is active []

 [142]
Underfull \vbox (badness 10000) has occurred while \output is active []

 [143]
Underfull \vbox (badness 10000) has occurred while \output is active []

 [144]
Underfull \vbox (badness 10000) has occurred while \output is active []

 [145]
Underfull \vbox (badness 10000) has occurred while \output is active []

 [146]

./2022_diss.tex:4245: LaTeX Error: Unicode character  (U+0301)
               not set up for use with LaTeX.

See the LaTeX manual or LaTeX Companion for explanation.
Type  H <return>  for immediate help.
 ...                                              
                                                  
l.4245 Marrufo-Prez, M. I., Eustaquio-Mart
                                                n, A., \& Lopez-Poveda, E. A...

? H
You may provide a definition with
\DeclareUnicodeCharacter 
? H
Sorry, I already gave what help I could...
Maybe you should try asking a human?
An error might have occurred before I noticed any problems.
``If all else fails, read the instructions.''

? 

Underfull \vbox (badness 10000) has occurred while \output is active []

 [147]
Underfull \vbox (badness 10000) has occurred while \output is active []

 [148]
Underfull \vbox (badness 10000) has occurred while \output is active []

 [149]
Underfull \vbox (badness 10000) has occurred while \output is active []

 [150]
Underfull \vbox (badness 10000) has occurred while \output is active []

 [151]
Underfull \vbox (badness 10000) has occurred while \output is active []

 [152]
Underfull \vbox (badness 10000) has occurred while \output is active []

 [153]
Underfull \vbox (badness 10000) has occurred while \output is active []

 [154]
Underfull \vbox (badness 10000) has occurred while \output is active []

 [155]
Underfull \vbox (badness 10000) has occurred while \output is active []

 [156]
Package minitoc Info: I0009
(minitoc)             Listing minitoc auxiliary files. 
(minitoc)             Creating the 2022_diss.maf file.
\openout3 = `2022_diss.maf'.



Package longtable Warning: Table widths have changed. Rerun LaTeX.

[157] (./2022_diss.aux)

LaTeX Warning: There were undefined references.


LaTeX Warning: Label(s) may have changed. Rerun to get cross-references right.


Package rerunfilecheck Warning: File `2022_diss.out' has changed.
(rerunfilecheck)                Rerun to get outlines right
(rerunfilecheck)                or use package `bookmark'.

Package rerunfilecheck Info: Checksums for `2022_diss.out':
(rerunfilecheck)             Before: <no file>
(rerunfilecheck)             After:  0CC3B026812C975F93ACA694471A8089;16797.
 ) 
Here is how much of TeX's memory you used:
 27035 strings out of 478268
 453144 string characters out of 5846346
 993519 words of memory out of 5000000
 43479 multiletter control sequences out of 15000+600000
 585713 words of font info for 253 fonts, out of 8000000 for 9000
 1141 hyphenation exceptions out of 8191
 70i,12n,77p,2115b,588s stack positions out of 10000i,1000n,20000p,200000b,200000s

pdfTeX warning (dest): name{binomial-logistic-mixed-effects-model} has been ref
erenced but does not exist, replaced by a fixed one

{/usr/local/texlive/2022/texmf-dist/fonts/enc/dvips/lm/lm-ec.enc}{/usr/local/te
xlive/2022/texmf-dist/fonts/enc/dvips/lm/lm-mathsy.enc}{/usr/local/texlive/2022
/texmf-dist/fonts/enc/dvips/lm/lm-mathit.enc}{/usr/local/texlive/2022/texmf-dis
t/fonts/enc/dvips/lm/lm-rm.enc}{/usr/local/texlive/2022/texmf-dist/fonts/enc/dv
ips/lm/lm-ts1.enc}{/usr/local/texlive/2022/texmf-dist/fonts/enc/dvips/base/8r.e
nc}</usr/local/texlive/2022/texmf-dist/fonts/type1/public/lm/lmbx10.pfb></usr/l
ocal/texlive/2022/texmf-dist/fonts/type1/public/lm/lmbx12.pfb></usr/local/texli
ve/2022/texmf-dist/fonts/type1/public/lm/lmmi12.pfb></usr/local/texlive/2022/te
xmf-dist/fonts/type1/public/lm/lmmi6.pfb></usr/local/texlive/2022/texmf-dist/fo
nts/type1/public/lm/lmmi8.pfb></usr/local/texlive/2022/texmf-dist/fonts/type1/p
ublic/lm/lmmib10.pfb></usr/local/texlive/2022/texmf-dist/fonts/type1/public/lm/
lmr10.pfb></usr/local/texlive/2022/texmf-dist/fonts/type1/public/lm/lmr12.pfb><
/usr/local/texlive/2022/texmf-dist/fonts/type1/public/lm/lmr17.pfb></usr/local/
texlive/2022/texmf-dist/fonts/type1/public/lm/lmr6.pfb></usr/local/texlive/2022
/texmf-dist/fonts/type1/public/lm/lmr7.pfb></usr/local/texlive/2022/texmf-dist/
fonts/type1/public/lm/lmr8.pfb></usr/local/texlive/2022/texmf-dist/fonts/type1/
public/lm/lmri10.pfb></usr/local/texlive/2022/texmf-dist/fonts/type1/public/lm/
lmri12.pfb></usr/local/texlive/2022/texmf-dist/fonts/type1/public/lm/lmsy10.pfb
></usr/local/texlive/2022/texmf-dist/fonts/type1/public/lm/lmsy8.pfb></usr/loca
l/texlive/2022/texmf-dist/fonts/type1/public/lm/lmtt12.pfb></usr/local/texlive/
2022/texmf-dist/fonts/type1/adobe/utopia/putb8a.pfb>
Output written on 2022_diss.pdf (171 pages, 7616038 bytes).
PDF statistics:
 2699 PDF objects out of 2984 (max. 8388607)
 2423 compressed objects within 25 object streams
 710 named destinations out of 1000 (max. 500000)
 56918 words of extra memory for PDF output out of 61914 (max. 10000000)

